[2017-04-27 17:26:17.565] [INFO] access - ::1 - - "GET / HTTP/1.1" 304 - "" "Mozilla/5.0 (Macintosh; Intel Mac OS X 10_11_5) AppleWebKit/537.36 (KHTML, like Gecko) Chrome/57.0.2987.133 Safari/537.36"
[2017-04-27 17:26:17.913] [INFO] access - ::1 - - "GET / HTTP/1.1" 304 - "http://localhost:30031/" "Mozilla/5.0 (Macintosh; Intel Mac OS X 10_11_5) AppleWebKit/537.36 (KHTML, like Gecko) Chrome/57.0.2987.133 Safari/537.36"
[2017-04-27 17:26:33.273] [INFO] access - ::1 - - "POST /login HTTP/1.1" 200 23 "http://localhost:30031/" "Mozilla/5.0 (Macintosh; Intel Mac OS X 10_11_5) AppleWebKit/537.36 (KHTML, like Gecko) Chrome/57.0.2987.133 Safari/537.36"
[2017-04-27 17:26:33.302] [INFO] access - ::1 - - "GET /warn.html HTTP/1.1" 304 - "http://localhost:30031/" "Mozilla/5.0 (Macintosh; Intel Mac OS X 10_11_5) AppleWebKit/537.36 (KHTML, like Gecko) Chrome/57.0.2987.133 Safari/537.36"
[2017-04-27 17:26:33.471] [INFO] access - ::1 - - "GET /warn.html HTTP/1.1" 304 - "http://localhost:30031/warn.html" "Mozilla/5.0 (Macintosh; Intel Mac OS X 10_11_5) AppleWebKit/537.36 (KHTML, like Gecko) Chrome/57.0.2987.133 Safari/537.36"
[2017-04-27 17:26:36.268] [INFO] access - ::1 - - "GET /monitor.html HTTP/1.1" 304 - "http://localhost:30031/warn.html" "Mozilla/5.0 (Macintosh; Intel Mac OS X 10_11_5) AppleWebKit/537.36 (KHTML, like Gecko) Chrome/57.0.2987.133 Safari/537.36"
[2017-04-27 17:26:36.427] [INFO] access - ::1 - - "GET /monitor.html HTTP/1.1" 304 - "http://localhost:30031/monitor.html" "Mozilla/5.0 (Macintosh; Intel Mac OS X 10_11_5) AppleWebKit/537.36 (KHTML, like Gecko) Chrome/57.0.2987.133 Safari/537.36"
[2017-04-27 17:26:39.567] [INFO] access - ::1 - - "GET /report.html HTTP/1.1" 304 - "http://localhost:30031/monitor.html" "Mozilla/5.0 (Macintosh; Intel Mac OS X 10_11_5) AppleWebKit/537.36 (KHTML, like Gecko) Chrome/57.0.2987.133 Safari/537.36"
[2017-04-27 17:26:39.692] [INFO] access - ::1 - - "GET /report.html HTTP/1.1" 304 - "http://localhost:30031/report.html" "Mozilla/5.0 (Macintosh; Intel Mac OS X 10_11_5) AppleWebKit/537.36 (KHTML, like Gecko) Chrome/57.0.2987.133 Safari/537.36"
[2017-04-27 17:26:41.508] [INFO] access - ::1 - - "GET /config.html HTTP/1.1" 304 - "http://localhost:30031/report.html" "Mozilla/5.0 (Macintosh; Intel Mac OS X 10_11_5) AppleWebKit/537.36 (KHTML, like Gecko) Chrome/57.0.2987.133 Safari/537.36"
[2017-04-27 17:26:41.657] [INFO] access - ::1 - - "GET /config.html HTTP/1.1" 304 - "http://localhost:30031/config.html" "Mozilla/5.0 (Macintosh; Intel Mac OS X 10_11_5) AppleWebKit/537.36 (KHTML, like Gecko) Chrome/57.0.2987.133 Safari/537.36"
[2017-04-27 17:26:43.362] [INFO] access - ::1 - - "GET /system.html HTTP/1.1" 304 - "http://localhost:30031/config.html" "Mozilla/5.0 (Macintosh; Intel Mac OS X 10_11_5) AppleWebKit/537.36 (KHTML, like Gecko) Chrome/57.0.2987.133 Safari/537.36"
[2017-04-27 17:26:43.498] [INFO] access - ::1 - - "GET /system.html HTTP/1.1" 304 - "http://localhost:30031/system.html" "Mozilla/5.0 (Macintosh; Intel Mac OS X 10_11_5) AppleWebKit/537.36 (KHTML, like Gecko) Chrome/57.0.2987.133 Safari/537.36"
[2017-04-27 17:26:46.711] [INFO] access - ::1 - - "GET /warn.html HTTP/1.1" 304 - "http://localhost:30031/system.html" "Mozilla/5.0 (Macintosh; Intel Mac OS X 10_11_5) AppleWebKit/537.36 (KHTML, like Gecko) Chrome/57.0.2987.133 Safari/537.36"
[2017-04-27 17:26:46.832] [INFO] access - ::1 - - "GET /warn.html HTTP/1.1" 304 - "http://localhost:30031/warn.html" "Mozilla/5.0 (Macintosh; Intel Mac OS X 10_11_5) AppleWebKit/537.36 (KHTML, like Gecko) Chrome/57.0.2987.133 Safari/537.36"
[2017-04-27 17:26:55.388] [INFO] access - ::1 - - "GET /report.html HTTP/1.1" 304 - "http://localhost:30031/warn.html" "Mozilla/5.0 (Macintosh; Intel Mac OS X 10_11_5) AppleWebKit/537.36 (KHTML, like Gecko) Chrome/57.0.2987.133 Safari/537.36"
[2017-04-27 17:26:55.571] [INFO] access - ::1 - - "GET /report.html HTTP/1.1" 304 - "http://localhost:30031/report.html" "Mozilla/5.0 (Macintosh; Intel Mac OS X 10_11_5) AppleWebKit/537.36 (KHTML, like Gecko) Chrome/57.0.2987.133 Safari/537.36"
[2017-04-27 17:29:51.826] [INFO] access - ::1 - - "GET /users/update/57b879704f5aea140581d86e HTTP/1.1" 200 1107 "http://localhost:30031/report.html" "Mozilla/5.0 (Macintosh; Intel Mac OS X 10_11_5) AppleWebKit/537.36 (KHTML, like Gecko) Chrome/57.0.2987.133 Safari/537.36"
[2017-04-27 17:29:52.072] [INFO] access - ::1 - - "GET /users/update/57b879704f5aea140581d86e HTTP/1.1" 304 - "http://localhost:30031/users/update/57b879704f5aea140581d86e" "Mozilla/5.0 (Macintosh; Intel Mac OS X 10_11_5) AppleWebKit/537.36 (KHTML, like Gecko) Chrome/57.0.2987.133 Safari/537.36"
[2017-04-27 17:29:56.957] [INFO] access - ::1 - - "POST /users/update HTTP/1.1" 302 66 "http://localhost:30031/users/update/57b879704f5aea140581d86e" "Mozilla/5.0 (Macintosh; Intel Mac OS X 10_11_5) AppleWebKit/537.36 (KHTML, like Gecko) Chrome/57.0.2987.133 Safari/537.36"
[2017-04-27 17:29:56.963] [INFO] access - ::1 - - "GET /users.html HTTP/1.1" 304 - "http://localhost:30031/users/update/57b879704f5aea140581d86e" "Mozilla/5.0 (Macintosh; Intel Mac OS X 10_11_5) AppleWebKit/537.36 (KHTML, like Gecko) Chrome/57.0.2987.133 Safari/537.36"
[2017-04-27 17:29:57.101] [INFO] access - ::1 - - "GET /users.html HTTP/1.1" 304 - "http://localhost:30031/users.html" "Mozilla/5.0 (Macintosh; Intel Mac OS X 10_11_5) AppleWebKit/537.36 (KHTML, like Gecko) Chrome/57.0.2987.133 Safari/537.36"
[2017-04-27 18:41:13.361] [INFO] access - ::1 - - "GET /users/update/57b879704f5aea140581d86e HTTP/1.1" 304 - "http://localhost:30031/users/update/57b879704f5aea140581d86e" "Mozilla/5.0 (Macintosh; Intel Mac OS X 10_11_5) AppleWebKit/537.36 (KHTML, like Gecko) Chrome/57.0.2987.133 Safari/537.36"
[2017-04-27 18:41:14.514] [INFO] access - ::1 - - "GET /report.html HTTP/1.1" 304 - "http://localhost:30031/report.html" "Mozilla/5.0 (Macintosh; Intel Mac OS X 10_11_5) AppleWebKit/537.36 (KHTML, like Gecko) Chrome/57.0.2987.133 Safari/537.36"
[2017-04-27 18:41:16.979] [INFO] access - ::1 - - "GET /brief.html HTTP/1.1" 200 13901 "http://localhost:30031/report.html" "Mozilla/5.0 (Macintosh; Intel Mac OS X 10_11_5) AppleWebKit/537.36 (KHTML, like Gecko) Chrome/57.0.2987.133 Safari/537.36"
[2017-04-27 18:41:17.027] [INFO] access - ::1 - - "GET /font-face/helveticaneueltpro-th-webfont.woff HTTP/1.1" 404 1192 "http://localhost:30031/style/base.css" "Mozilla/5.0 (Macintosh; Intel Mac OS X 10_11_5) AppleWebKit/537.36 (KHTML, like Gecko) Chrome/57.0.2987.133 Safari/537.36"
[2017-04-27 18:41:17.120] [INFO] access - ::1 - - "GET /font-face/helveticaneueltpro-th-webfont.ttf HTTP/1.1" 404 1192 "http://localhost:30031/style/base.css" "Mozilla/5.0 (Macintosh; Intel Mac OS X 10_11_5) AppleWebKit/537.36 (KHTML, like Gecko) Chrome/57.0.2987.133 Safari/537.36"
[2017-04-27 18:41:17.133] [INFO] access - ::1 - - "GET /script/jquery-1.10.2.min.js?bust=1493289677012 HTTP/1.1" 404 1192 "http://localhost:30031/brief.html" "Mozilla/5.0 (Macintosh; Intel Mac OS X 10_11_5) AppleWebKit/537.36 (KHTML, like Gecko) Chrome/57.0.2987.133 Safari/537.36"
[2017-04-27 18:41:17.196] [INFO] access - ::1 - - "GET /brief.html HTTP/1.1" 304 - "http://localhost:30031/brief.html" "Mozilla/5.0 (Macintosh; Intel Mac OS X 10_11_5) AppleWebKit/537.36 (KHTML, like Gecko) Chrome/57.0.2987.133 Safari/537.36"
[2017-04-27 18:43:49.672] [INFO] access - ::1 - - "GET /warn.html HTTP/1.1" 304 - "http://localhost:30031/brief.html" "Mozilla/5.0 (Macintosh; Intel Mac OS X 10_11_5) AppleWebKit/537.36 (KHTML, like Gecko) Chrome/57.0.2987.133 Safari/537.36"
[2017-04-27 18:43:49.921] [INFO] access - ::1 - - "GET /warn.html HTTP/1.1" 304 - "http://localhost:30031/warn.html" "Mozilla/5.0 (Macintosh; Intel Mac OS X 10_11_5) AppleWebKit/537.36 (KHTML, like Gecko) Chrome/57.0.2987.133 Safari/537.36"
