[2016-09-21 15:10:04.082] [INFO] access - ::1 - - "GET /index.html HTTP/1.1" 304 - "" "Mozilla/5.0 (Macintosh; Intel Mac OS X 10_11_5) AppleWebKit/537.36 (KHTML, like Gecko) Chrome/52.0.2743.116 Safari/537.36"
[2016-09-21 15:10:23.939] [INFO] access - ::1 - - "GET /index.html HTTP/1.1" 304 - "" "Mozilla/5.0 (Macintosh; Intel Mac OS X 10_11_5) AppleWebKit/537.36 (KHTML, like Gecko) Chrome/52.0.2743.116 Safari/537.36"
[2016-09-21 15:16:29.011] [INFO] access - ::1 - - "POST /login HTTP/1.1" 200 23 "http://localhost:30031/index.html" "Mozilla/5.0 (Macintosh; Intel Mac OS X 10_11_5) AppleWebKit/537.36 (KHTML, like Gecko) Chrome/52.0.2743.116 Safari/537.36"
[2016-09-21 15:16:29.034] [INFO] access - ::1 - - "GET /warn.html HTTP/1.1" 304 - "http://localhost:30031/index.html" "Mozilla/5.0 (Macintosh; Intel Mac OS X 10_11_5) AppleWebKit/537.36 (KHTML, like Gecko) Chrome/52.0.2743.116 Safari/537.36"
[2016-09-21 15:16:45.464] [INFO] access - ::1 - - "GET /config.html HTTP/1.1" 304 - "http://localhost:30031/warn.html" "Mozilla/5.0 (Macintosh; Intel Mac OS X 10_11_5) AppleWebKit/537.36 (KHTML, like Gecko) Chrome/52.0.2743.116 Safari/537.36"
[2016-09-21 15:16:48.137] [INFO] access - ::1 - - "GET /report.html HTTP/1.1" 200 2836 "http://localhost:30031/config.html" "Mozilla/5.0 (Macintosh; Intel Mac OS X 10_11_5) AppleWebKit/537.36 (KHTML, like Gecko) Chrome/52.0.2743.116 Safari/537.36"
[2016-09-21 15:16:53.909] [INFO] access - ::1 - - "GET /config.html HTTP/1.1" 304 - "http://localhost:30031/report.html" "Mozilla/5.0 (Macintosh; Intel Mac OS X 10_11_5) AppleWebKit/537.36 (KHTML, like Gecko) Chrome/52.0.2743.116 Safari/537.36"
[2016-09-21 15:16:57.193] [INFO] access - ::1 - - "GET /report.html HTTP/1.1" 304 - "http://localhost:30031/config.html" "Mozilla/5.0 (Macintosh; Intel Mac OS X 10_11_5) AppleWebKit/537.36 (KHTML, like Gecko) Chrome/52.0.2743.116 Safari/537.36"
[2016-09-21 15:17:27.992] [INFO] access - ::1 - - "GET /config.html HTTP/1.1" 304 - "http://localhost:30031/report.html" "Mozilla/5.0 (Macintosh; Intel Mac OS X 10_11_5) AppleWebKit/537.36 (KHTML, like Gecko) Chrome/52.0.2743.116 Safari/537.36"
[2016-09-21 15:17:32.848] [INFO] access - ::1 - - "GET /warn.html HTTP/1.1" 304 - "http://localhost:30031/config.html" "Mozilla/5.0 (Macintosh; Intel Mac OS X 10_11_5) AppleWebKit/537.36 (KHTML, like Gecko) Chrome/52.0.2743.116 Safari/537.36"
[2016-09-21 15:17:37.386] [INFO] access - ::1 - - "GET /monitor.html HTTP/1.1" 304 - "http://localhost:30031/warn.html" "Mozilla/5.0 (Macintosh; Intel Mac OS X 10_11_5) AppleWebKit/537.36 (KHTML, like Gecko) Chrome/52.0.2743.116 Safari/537.36"
[2016-09-21 15:17:40.066] [INFO] access - ::1 - - "GET /report.html HTTP/1.1" 304 - "http://localhost:30031/monitor.html" "Mozilla/5.0 (Macintosh; Intel Mac OS X 10_11_5) AppleWebKit/537.36 (KHTML, like Gecko) Chrome/52.0.2743.116 Safari/537.36"
[2016-09-21 15:17:44.540] [INFO] access - ::1 - - "GET /config.html HTTP/1.1" 304 - "http://localhost:30031/report.html" "Mozilla/5.0 (Macintosh; Intel Mac OS X 10_11_5) AppleWebKit/537.36 (KHTML, like Gecko) Chrome/52.0.2743.116 Safari/537.36"
[2016-09-21 15:38:38.060] [INFO] access - ::1 - - "GET /config.html HTTP/1.1" 302 66 "http://localhost:30031/report.html" "Mozilla/5.0 (Macintosh; Intel Mac OS X 10_11_5) AppleWebKit/537.36 (KHTML, like Gecko) Chrome/52.0.2743.116 Safari/537.36"
[2016-09-21 15:38:38.074] [INFO] access - ::1 - - "GET /index.html HTTP/1.1" 304 - "http://localhost:30031/report.html" "Mozilla/5.0 (Macintosh; Intel Mac OS X 10_11_5) AppleWebKit/537.36 (KHTML, like Gecko) Chrome/52.0.2743.116 Safari/537.36"
[2016-09-21 15:38:39.173] [INFO] access - ::1 - - "POST /login HTTP/1.1" 200 23 "http://localhost:30031/index.html" "Mozilla/5.0 (Macintosh; Intel Mac OS X 10_11_5) AppleWebKit/537.36 (KHTML, like Gecko) Chrome/52.0.2743.116 Safari/537.36"
[2016-09-21 15:38:39.192] [INFO] access - ::1 - - "GET /warn.html HTTP/1.1" 304 - "http://localhost:30031/index.html" "Mozilla/5.0 (Macintosh; Intel Mac OS X 10_11_5) AppleWebKit/537.36 (KHTML, like Gecko) Chrome/52.0.2743.116 Safari/537.36"
[2016-09-21 15:38:40.358] [INFO] access - ::1 - - "GET /config.html HTTP/1.1" 200 1787 "http://localhost:30031/warn.html" "Mozilla/5.0 (Macintosh; Intel Mac OS X 10_11_5) AppleWebKit/537.36 (KHTML, like Gecko) Chrome/52.0.2743.116 Safari/537.36"
[2016-09-21 15:38:42.869] [INFO] access - ::1 - - "GET /config.html HTTP/1.1" 304 - "http://localhost:30031/config.html" "Mozilla/5.0 (Macintosh; Intel Mac OS X 10_11_5) AppleWebKit/537.36 (KHTML, like Gecko) Chrome/52.0.2743.116 Safari/537.36"
[2016-09-21 15:45:29.351] [INFO] access - ::1 - - "GET /warn.html HTTP/1.1" 304 - "http://localhost:30031/config.html" "Mozilla/5.0 (Macintosh; Intel Mac OS X 10_11_5) AppleWebKit/537.36 (KHTML, like Gecko) Chrome/52.0.2743.116 Safari/537.36"
[2016-09-21 15:45:30.831] [INFO] access - ::1 - - "GET /monitor.html HTTP/1.1" 304 - "http://localhost:30031/warn.html" "Mozilla/5.0 (Macintosh; Intel Mac OS X 10_11_5) AppleWebKit/537.36 (KHTML, like Gecko) Chrome/52.0.2743.116 Safari/537.36"
[2016-09-21 15:45:32.621] [INFO] access - ::1 - - "GET /warn.html HTTP/1.1" 304 - "http://localhost:30031/monitor.html" "Mozilla/5.0 (Macintosh; Intel Mac OS X 10_11_5) AppleWebKit/537.36 (KHTML, like Gecko) Chrome/52.0.2743.116 Safari/537.36"
[2016-09-21 18:43:30.333] [INFO] access - ::1 - - "GET /warn.html HTTP/1.1" 302 66 "http://localhost:30031/monitor.html" "Mozilla/5.0 (Macintosh; Intel Mac OS X 10_11_5) AppleWebKit/537.36 (KHTML, like Gecko) Chrome/52.0.2743.116 Safari/537.36"
[2016-09-21 18:43:30.341] [INFO] access - ::1 - - "GET /index.html HTTP/1.1" 304 - "http://localhost:30031/monitor.html" "Mozilla/5.0 (Macintosh; Intel Mac OS X 10_11_5) AppleWebKit/537.36 (KHTML, like Gecko) Chrome/52.0.2743.116 Safari/537.36"
[2016-09-21 18:43:31.692] [INFO] access - ::1 - - "POST /login HTTP/1.1" 200 23 "http://localhost:30031/index.html" "Mozilla/5.0 (Macintosh; Intel Mac OS X 10_11_5) AppleWebKit/537.36 (KHTML, like Gecko) Chrome/52.0.2743.116 Safari/537.36"
[2016-09-21 18:43:31.713] [INFO] access - ::1 - - "GET /warn.html HTTP/1.1" 200 2983 "http://localhost:30031/index.html" "Mozilla/5.0 (Macintosh; Intel Mac OS X 10_11_5) AppleWebKit/537.36 (KHTML, like Gecko) Chrome/52.0.2743.116 Safari/537.36"
[2016-09-21 18:43:32.814] [INFO] access - ::1 - - "GET /config.html HTTP/1.1" 304 - "http://localhost:30031/warn.html" "Mozilla/5.0 (Macintosh; Intel Mac OS X 10_11_5) AppleWebKit/537.36 (KHTML, like Gecko) Chrome/52.0.2743.116 Safari/537.36"
[2016-09-21 18:43:59.772] [INFO] access - ::1 - - "GET /config.html HTTP/1.1" 304 - "http://localhost:30031/warn.html" "Mozilla/5.0 (Macintosh; Intel Mac OS X 10_11_5) AppleWebKit/537.36 (KHTML, like Gecko) Chrome/52.0.2743.116 Safari/537.36"
[2016-09-21 18:44:13.549] [INFO] access - ::1 - - "GET /config.html HTTP/1.1" 302 66 "http://localhost:30031/warn.html" "Mozilla/5.0 (Macintosh; Intel Mac OS X 10_11_5) AppleWebKit/537.36 (KHTML, like Gecko) Chrome/52.0.2743.116 Safari/537.36"
[2016-09-21 18:44:13.561] [INFO] access - ::1 - - "GET /index.html HTTP/1.1" 304 - "http://localhost:30031/warn.html" "Mozilla/5.0 (Macintosh; Intel Mac OS X 10_11_5) AppleWebKit/537.36 (KHTML, like Gecko) Chrome/52.0.2743.116 Safari/537.36"
[2016-09-21 18:44:14.917] [INFO] access - ::1 - - "POST /login HTTP/1.1" 200 23 "http://localhost:30031/index.html" "Mozilla/5.0 (Macintosh; Intel Mac OS X 10_11_5) AppleWebKit/537.36 (KHTML, like Gecko) Chrome/52.0.2743.116 Safari/537.36"
[2016-09-21 18:44:14.935] [INFO] access - ::1 - - "GET /warn.html HTTP/1.1" 304 - "http://localhost:30031/index.html" "Mozilla/5.0 (Macintosh; Intel Mac OS X 10_11_5) AppleWebKit/537.36 (KHTML, like Gecko) Chrome/52.0.2743.116 Safari/537.36"
[2016-09-21 18:44:16.154] [INFO] access - ::1 - - "GET /config.html HTTP/1.1" 200 2678 "http://localhost:30031/warn.html" "Mozilla/5.0 (Macintosh; Intel Mac OS X 10_11_5) AppleWebKit/537.36 (KHTML, like Gecko) Chrome/52.0.2743.116 Safari/537.36"
[2016-09-21 18:45:30.795] [INFO] access - ::1 - - "GET /config.html HTTP/1.1" 304 - "http://localhost:30031/warn.html" "Mozilla/5.0 (Macintosh; Intel Mac OS X 10_11_5) AppleWebKit/537.36 (KHTML, like Gecko) Chrome/52.0.2743.116 Safari/537.36"
[2016-09-21 18:45:51.797] [INFO] access - ::1 - - "GET /config.html HTTP/1.1" 302 66 "http://localhost:30031/warn.html" "Mozilla/5.0 (Macintosh; Intel Mac OS X 10_11_5) AppleWebKit/537.36 (KHTML, like Gecko) Chrome/52.0.2743.116 Safari/537.36"
[2016-09-21 18:45:51.837] [INFO] access - ::1 - - "GET /index.html HTTP/1.1" 304 - "http://localhost:30031/warn.html" "Mozilla/5.0 (Macintosh; Intel Mac OS X 10_11_5) AppleWebKit/537.36 (KHTML, like Gecko) Chrome/52.0.2743.116 Safari/537.36"
[2016-09-21 18:45:53.192] [INFO] access - ::1 - - "POST /login HTTP/1.1" 200 23 "http://localhost:30031/index.html" "Mozilla/5.0 (Macintosh; Intel Mac OS X 10_11_5) AppleWebKit/537.36 (KHTML, like Gecko) Chrome/52.0.2743.116 Safari/537.36"
[2016-09-21 18:45:53.214] [INFO] access - ::1 - - "GET /warn.html HTTP/1.1" 304 - "http://localhost:30031/index.html" "Mozilla/5.0 (Macintosh; Intel Mac OS X 10_11_5) AppleWebKit/537.36 (KHTML, like Gecko) Chrome/52.0.2743.116 Safari/537.36"
[2016-09-21 18:45:54.063] [INFO] access - ::1 - - "GET /config.html HTTP/1.1" 200 2597 "http://localhost:30031/warn.html" "Mozilla/5.0 (Macintosh; Intel Mac OS X 10_11_5) AppleWebKit/537.36 (KHTML, like Gecko) Chrome/52.0.2743.116 Safari/537.36"
[2016-09-21 18:45:56.442] [INFO] access - ::1 - - "GET /report.html HTTP/1.1" 304 - "http://localhost:30031/config.html" "Mozilla/5.0 (Macintosh; Intel Mac OS X 10_11_5) AppleWebKit/537.36 (KHTML, like Gecko) Chrome/52.0.2743.116 Safari/537.36"
[2016-09-21 18:45:57.255] [INFO] access - ::1 - - "GET /config.html HTTP/1.1" 304 - "http://localhost:30031/report.html" "Mozilla/5.0 (Macintosh; Intel Mac OS X 10_11_5) AppleWebKit/537.36 (KHTML, like Gecko) Chrome/52.0.2743.116 Safari/537.36"
[2016-09-21 18:45:58.775] [INFO] access - ::1 - - "GET /report.html HTTP/1.1" 304 - "http://localhost:30031/config.html" "Mozilla/5.0 (Macintosh; Intel Mac OS X 10_11_5) AppleWebKit/537.36 (KHTML, like Gecko) Chrome/52.0.2743.116 Safari/537.36"
[2016-09-21 18:46:00.928] [INFO] access - ::1 - - "GET /config.html HTTP/1.1" 304 - "http://localhost:30031/report.html" "Mozilla/5.0 (Macintosh; Intel Mac OS X 10_11_5) AppleWebKit/537.36 (KHTML, like Gecko) Chrome/52.0.2743.116 Safari/537.36"
[2016-09-21 20:32:01.025] [INFO] access - ::1 - - "GET /config.html HTTP/1.1" 302 66 "http://localhost:30031/report.html" "Mozilla/5.0 (Macintosh; Intel Mac OS X 10_11_5) AppleWebKit/537.36 (KHTML, like Gecko) Chrome/52.0.2743.116 Safari/537.36"
[2016-09-21 20:32:01.039] [INFO] access - ::1 - - "GET /index.html HTTP/1.1" 304 - "http://localhost:30031/report.html" "Mozilla/5.0 (Macintosh; Intel Mac OS X 10_11_5) AppleWebKit/537.36 (KHTML, like Gecko) Chrome/52.0.2743.116 Safari/537.36"
[2016-09-21 20:32:03.118] [INFO] access - ::1 - - "GET /index.html HTTP/1.1" 304 - "http://localhost:30031/report.html" "Mozilla/5.0 (Macintosh; Intel Mac OS X 10_11_5) AppleWebKit/537.36 (KHTML, like Gecko) Chrome/52.0.2743.116 Safari/537.36"
