[2016-09-12 14:58:25.129] [INFO] access - ::1 - - "GET /safe.html HTTP/1.1" 304 - "" "Mozilla/5.0 (Macintosh; Intel Mac OS X 10_11_5) AppleWebKit/537.36 (KHTML, like Gecko) Chrome/52.0.2743.116 Safari/537.36"
[2016-09-12 14:58:28.254] [INFO] access - ::1 - - "GET /indexhtml HTTP/1.1" 404 1192 "" "Mozilla/5.0 (Macintosh; Intel Mac OS X 10_11_5) AppleWebKit/537.36 (KHTML, like Gecko) Chrome/52.0.2743.116 Safari/537.36"
[2016-09-12 14:58:28.314] [INFO] access - ::1 - - "GET /style/images/bg_top.png HTTP/1.1" 404 1192 "http://localhost:30031/style/application-one.css?v=2016062901" "Mozilla/5.0 (Macintosh; Intel Mac OS X 10_11_5) AppleWebKit/537.36 (KHTML, like Gecko) Chrome/52.0.2743.116 Safari/537.36"
[2016-09-12 14:58:28.437] [INFO] access - ::1 - - "GET /style/images/bg_top.png HTTP/1.1" 404 1192 "" "Mozilla/5.0 (Macintosh; Intel Mac OS X 10_11_5) AppleWebKit/537.36 (KHTML, like Gecko) Chrome/52.0.2743.116 Safari/537.36"
[2016-09-12 14:58:32.426] [INFO] access - ::1 - - "GET /index.html HTTP/1.1" 304 - "" "Mozilla/5.0 (Macintosh; Intel Mac OS X 10_11_5) AppleWebKit/537.36 (KHTML, like Gecko) Chrome/52.0.2743.116 Safari/537.36"
[2016-09-12 14:58:34.961] [INFO] access - ::1 - - "POST /login HTTP/1.1" 200 23 "http://localhost:30031/index.html" "Mozilla/5.0 (Macintosh; Intel Mac OS X 10_11_5) AppleWebKit/537.36 (KHTML, like Gecko) Chrome/52.0.2743.116 Safari/537.36"
[2016-09-12 14:58:34.977] [INFO] access - ::1 - - "GET /warn.html HTTP/1.1" 304 - "http://localhost:30031/index.html" "Mozilla/5.0 (Macintosh; Intel Mac OS X 10_11_5) AppleWebKit/537.36 (KHTML, like Gecko) Chrome/52.0.2743.116 Safari/537.36"
[2016-09-12 14:58:35.953] [INFO] access - ::1 - - "GET /report.html HTTP/1.1" 304 - "http://localhost:30031/warn.html" "Mozilla/5.0 (Macintosh; Intel Mac OS X 10_11_5) AppleWebKit/537.36 (KHTML, like Gecko) Chrome/52.0.2743.116 Safari/537.36"
[2016-09-12 14:59:07.036] [INFO] access - ::1 - - "GET /report.html HTTP/1.1" 302 66 "http://localhost:30031/warn.html" "Mozilla/5.0 (Macintosh; Intel Mac OS X 10_11_5) AppleWebKit/537.36 (KHTML, like Gecko) Chrome/52.0.2743.116 Safari/537.36"
[2016-09-12 14:59:07.045] [INFO] access - ::1 - - "GET /index.html HTTP/1.1" 304 - "http://localhost:30031/warn.html" "Mozilla/5.0 (Macintosh; Intel Mac OS X 10_11_5) AppleWebKit/537.36 (KHTML, like Gecko) Chrome/52.0.2743.116 Safari/537.36"
[2016-09-12 15:04:45.625] [INFO] access - ::1 - - "POST /login HTTP/1.1" 200 23 "http://localhost:30031/index.html" "Mozilla/5.0 (Macintosh; Intel Mac OS X 10_11_5) AppleWebKit/537.36 (KHTML, like Gecko) Chrome/52.0.2743.116 Safari/537.36"
[2016-09-12 15:04:45.652] [INFO] access - ::1 - - "GET /warn.html HTTP/1.1" 304 - "http://localhost:30031/index.html" "Mozilla/5.0 (Macintosh; Intel Mac OS X 10_11_5) AppleWebKit/537.36 (KHTML, like Gecko) Chrome/52.0.2743.116 Safari/537.36"
[2016-09-12 15:04:47.800] [INFO] access - ::1 - - "GET /report.html HTTP/1.1" 200 2836 "http://localhost:30031/warn.html" "Mozilla/5.0 (Macintosh; Intel Mac OS X 10_11_5) AppleWebKit/537.36 (KHTML, like Gecko) Chrome/52.0.2743.116 Safari/537.36"
[2016-09-12 15:11:30.963] [INFO] access - ::1 - - "GET /report.html HTTP/1.1" 302 66 "http://localhost:30031/warn.html" "Mozilla/5.0 (Macintosh; Intel Mac OS X 10_11_5) AppleWebKit/537.36 (KHTML, like Gecko) Chrome/52.0.2743.116 Safari/537.36"
[2016-09-12 15:11:30.973] [INFO] access - ::1 - - "GET /index.html HTTP/1.1" 304 - "http://localhost:30031/warn.html" "Mozilla/5.0 (Macintosh; Intel Mac OS X 10_11_5) AppleWebKit/537.36 (KHTML, like Gecko) Chrome/52.0.2743.116 Safari/537.36"
[2016-09-12 15:11:32.251] [INFO] access - ::1 - - "POST /login HTTP/1.1" 200 23 "http://localhost:30031/index.html" "Mozilla/5.0 (Macintosh; Intel Mac OS X 10_11_5) AppleWebKit/537.36 (KHTML, like Gecko) Chrome/52.0.2743.116 Safari/537.36"
[2016-09-12 15:11:32.268] [INFO] access - ::1 - - "GET /warn.html HTTP/1.1" 304 - "http://localhost:30031/index.html" "Mozilla/5.0 (Macintosh; Intel Mac OS X 10_11_5) AppleWebKit/537.36 (KHTML, like Gecko) Chrome/52.0.2743.116 Safari/537.36"
[2016-09-12 15:11:34.898] [INFO] access - ::1 - - "GET /report.html HTTP/1.1" 200 2836 "http://localhost:30031/warn.html" "Mozilla/5.0 (Macintosh; Intel Mac OS X 10_11_5) AppleWebKit/537.36 (KHTML, like Gecko) Chrome/52.0.2743.116 Safari/537.36"
[2016-09-12 15:25:01.775] [INFO] access - ::1 - - "GET /report.html HTTP/1.1" 302 66 "http://localhost:30031/warn.html" "Mozilla/5.0 (Macintosh; Intel Mac OS X 10_11_5) AppleWebKit/537.36 (KHTML, like Gecko) Chrome/52.0.2743.116 Safari/537.36"
[2016-09-12 15:25:01.785] [INFO] access - ::1 - - "GET /index.html HTTP/1.1" 304 - "http://localhost:30031/warn.html" "Mozilla/5.0 (Macintosh; Intel Mac OS X 10_11_5) AppleWebKit/537.36 (KHTML, like Gecko) Chrome/52.0.2743.116 Safari/537.36"
[2016-09-12 15:25:03.060] [INFO] access - ::1 - - "POST /login HTTP/1.1" 200 23 "http://localhost:30031/index.html" "Mozilla/5.0 (Macintosh; Intel Mac OS X 10_11_5) AppleWebKit/537.36 (KHTML, like Gecko) Chrome/52.0.2743.116 Safari/537.36"
[2016-09-12 15:25:03.075] [INFO] access - ::1 - - "GET /warn.html HTTP/1.1" 304 - "http://localhost:30031/index.html" "Mozilla/5.0 (Macintosh; Intel Mac OS X 10_11_5) AppleWebKit/537.36 (KHTML, like Gecko) Chrome/52.0.2743.116 Safari/537.36"
[2016-09-12 15:25:09.458] [INFO] access - ::1 - - "GET /report.html HTTP/1.1" 200 2836 "http://localhost:30031/warn.html" "Mozilla/5.0 (Macintosh; Intel Mac OS X 10_11_5) AppleWebKit/537.36 (KHTML, like Gecko) Chrome/52.0.2743.116 Safari/537.36"
[2016-09-12 15:25:20.078] [INFO] access - ::1 - - "GET /report.html HTTP/1.1" 302 66 "http://localhost:30031/warn.html" "Mozilla/5.0 (Macintosh; Intel Mac OS X 10_11_5) AppleWebKit/537.36 (KHTML, like Gecko) Chrome/52.0.2743.116 Safari/537.36"
[2016-09-12 15:25:20.091] [INFO] access - ::1 - - "GET /index.html HTTP/1.1" 304 - "http://localhost:30031/warn.html" "Mozilla/5.0 (Macintosh; Intel Mac OS X 10_11_5) AppleWebKit/537.36 (KHTML, like Gecko) Chrome/52.0.2743.116 Safari/537.36"
[2016-09-12 15:25:21.323] [INFO] access - ::1 - - "POST /login HTTP/1.1" 200 23 "http://localhost:30031/index.html" "Mozilla/5.0 (Macintosh; Intel Mac OS X 10_11_5) AppleWebKit/537.36 (KHTML, like Gecko) Chrome/52.0.2743.116 Safari/537.36"
[2016-09-12 15:25:21.339] [INFO] access - ::1 - - "GET /warn.html HTTP/1.1" 304 - "http://localhost:30031/index.html" "Mozilla/5.0 (Macintosh; Intel Mac OS X 10_11_5) AppleWebKit/537.36 (KHTML, like Gecko) Chrome/52.0.2743.116 Safari/537.36"
[2016-09-12 15:25:22.568] [INFO] access - ::1 - - "GET /report.html HTTP/1.1" 200 2836 "http://localhost:30031/warn.html" "Mozilla/5.0 (Macintosh; Intel Mac OS X 10_11_5) AppleWebKit/537.36 (KHTML, like Gecko) Chrome/52.0.2743.116 Safari/537.36"
[2016-09-12 15:27:21.488] [INFO] access - ::1 - - "GET /report.html HTTP/1.1" 302 66 "http://localhost:30031/warn.html" "Mozilla/5.0 (Macintosh; Intel Mac OS X 10_11_5) AppleWebKit/537.36 (KHTML, like Gecko) Chrome/52.0.2743.116 Safari/537.36"
[2016-09-12 15:27:21.498] [INFO] access - ::1 - - "GET /index.html HTTP/1.1" 304 - "http://localhost:30031/warn.html" "Mozilla/5.0 (Macintosh; Intel Mac OS X 10_11_5) AppleWebKit/537.36 (KHTML, like Gecko) Chrome/52.0.2743.116 Safari/537.36"
[2016-09-12 15:30:16.867] [INFO] access - ::1 - - "GET /index.html HTTP/1.1" 304 - "http://localhost:30031/warn.html" "Mozilla/5.0 (Macintosh; Intel Mac OS X 10_11_5) AppleWebKit/537.36 (KHTML, like Gecko) Chrome/52.0.2743.116 Safari/537.36"
[2016-09-12 15:30:17.702] [INFO] access - ::1 - - "POST /login HTTP/1.1" 200 23 "http://localhost:30031/index.html" "Mozilla/5.0 (Macintosh; Intel Mac OS X 10_11_5) AppleWebKit/537.36 (KHTML, like Gecko) Chrome/52.0.2743.116 Safari/537.36"
[2016-09-12 15:30:17.723] [INFO] access - ::1 - - "GET /warn.html HTTP/1.1" 304 - "http://localhost:30031/index.html" "Mozilla/5.0 (Macintosh; Intel Mac OS X 10_11_5) AppleWebKit/537.36 (KHTML, like Gecko) Chrome/52.0.2743.116 Safari/537.36"
[2016-09-12 15:30:18.968] [INFO] access - ::1 - - "GET /config.html HTTP/1.1" 304 - "http://localhost:30031/warn.html" "Mozilla/5.0 (Macintosh; Intel Mac OS X 10_11_5) AppleWebKit/537.36 (KHTML, like Gecko) Chrome/52.0.2743.116 Safari/537.36"
[2016-09-12 15:30:19.667] [INFO] access - ::1 - - "GET /report.html HTTP/1.1" 200 2836 "http://localhost:30031/config.html" "Mozilla/5.0 (Macintosh; Intel Mac OS X 10_11_5) AppleWebKit/537.36 (KHTML, like Gecko) Chrome/52.0.2743.116 Safari/537.36"
[2016-09-12 15:30:31.209] [INFO] access - ::1 - - "GET /report.html HTTP/1.1" 302 66 "http://localhost:30031/config.html" "Mozilla/5.0 (Macintosh; Intel Mac OS X 10_11_5) AppleWebKit/537.36 (KHTML, like Gecko) Chrome/52.0.2743.116 Safari/537.36"
[2016-09-12 15:30:31.224] [INFO] access - ::1 - - "GET /index.html HTTP/1.1" 304 - "http://localhost:30031/config.html" "Mozilla/5.0 (Macintosh; Intel Mac OS X 10_11_5) AppleWebKit/537.36 (KHTML, like Gecko) Chrome/52.0.2743.116 Safari/537.36"
[2016-09-12 15:30:32.537] [INFO] access - ::1 - - "POST /login HTTP/1.1" 200 23 "http://localhost:30031/index.html" "Mozilla/5.0 (Macintosh; Intel Mac OS X 10_11_5) AppleWebKit/537.36 (KHTML, like Gecko) Chrome/52.0.2743.116 Safari/537.36"
[2016-09-12 15:30:32.553] [INFO] access - ::1 - - "GET /warn.html HTTP/1.1" 304 - "http://localhost:30031/index.html" "Mozilla/5.0 (Macintosh; Intel Mac OS X 10_11_5) AppleWebKit/537.36 (KHTML, like Gecko) Chrome/52.0.2743.116 Safari/537.36"
[2016-09-12 15:30:33.448] [INFO] access - ::1 - - "GET /report.html HTTP/1.1" 200 2836 "http://localhost:30031/warn.html" "Mozilla/5.0 (Macintosh; Intel Mac OS X 10_11_5) AppleWebKit/537.36 (KHTML, like Gecko) Chrome/52.0.2743.116 Safari/537.36"
[2016-09-12 15:30:58.674] [INFO] access - ::1 - - "GET /report.html HTTP/1.1" 302 66 "http://localhost:30031/warn.html" "Mozilla/5.0 (Macintosh; Intel Mac OS X 10_11_5) AppleWebKit/537.36 (KHTML, like Gecko) Chrome/52.0.2743.116 Safari/537.36"
[2016-09-12 15:30:58.692] [INFO] access - ::1 - - "GET /index.html HTTP/1.1" 304 - "http://localhost:30031/warn.html" "Mozilla/5.0 (Macintosh; Intel Mac OS X 10_11_5) AppleWebKit/537.36 (KHTML, like Gecko) Chrome/52.0.2743.116 Safari/537.36"
[2016-09-12 15:31:00.046] [INFO] access - ::1 - - "POST /login HTTP/1.1" 200 23 "http://localhost:30031/index.html" "Mozilla/5.0 (Macintosh; Intel Mac OS X 10_11_5) AppleWebKit/537.36 (KHTML, like Gecko) Chrome/52.0.2743.116 Safari/537.36"
[2016-09-12 15:31:00.061] [INFO] access - ::1 - - "GET /warn.html HTTP/1.1" 304 - "http://localhost:30031/index.html" "Mozilla/5.0 (Macintosh; Intel Mac OS X 10_11_5) AppleWebKit/537.36 (KHTML, like Gecko) Chrome/52.0.2743.116 Safari/537.36"
[2016-09-12 15:31:01.094] [INFO] access - ::1 - - "GET /report.html HTTP/1.1" 200 2836 "http://localhost:30031/warn.html" "Mozilla/5.0 (Macintosh; Intel Mac OS X 10_11_5) AppleWebKit/537.36 (KHTML, like Gecko) Chrome/52.0.2743.116 Safari/537.36"
[2016-09-12 15:31:17.109] [INFO] access - ::1 - - "GET /report.html HTTP/1.1" 302 66 "http://localhost:30031/warn.html" "Mozilla/5.0 (Macintosh; Intel Mac OS X 10_11_5) AppleWebKit/537.36 (KHTML, like Gecko) Chrome/52.0.2743.116 Safari/537.36"
[2016-09-12 15:31:17.120] [INFO] access - ::1 - - "GET /index.html HTTP/1.1" 304 - "http://localhost:30031/warn.html" "Mozilla/5.0 (Macintosh; Intel Mac OS X 10_11_5) AppleWebKit/537.36 (KHTML, like Gecko) Chrome/52.0.2743.116 Safari/537.36"
[2016-09-12 15:31:18.015] [INFO] access - ::1 - - "GET /index.html HTTP/1.1" 304 - "http://localhost:30031/warn.html" "Mozilla/5.0 (Macintosh; Intel Mac OS X 10_11_5) AppleWebKit/537.36 (KHTML, like Gecko) Chrome/52.0.2743.116 Safari/537.36"
[2016-09-12 15:31:18.818] [INFO] access - ::1 - - "POST /login HTTP/1.1" 200 23 "http://localhost:30031/index.html" "Mozilla/5.0 (Macintosh; Intel Mac OS X 10_11_5) AppleWebKit/537.36 (KHTML, like Gecko) Chrome/52.0.2743.116 Safari/537.36"
[2016-09-12 15:31:18.836] [INFO] access - ::1 - - "GET /warn.html HTTP/1.1" 304 - "http://localhost:30031/index.html" "Mozilla/5.0 (Macintosh; Intel Mac OS X 10_11_5) AppleWebKit/537.36 (KHTML, like Gecko) Chrome/52.0.2743.116 Safari/537.36"
[2016-09-12 15:31:19.745] [INFO] access - ::1 - - "GET /report.html HTTP/1.1" 200 2836 "http://localhost:30031/warn.html" "Mozilla/5.0 (Macintosh; Intel Mac OS X 10_11_5) AppleWebKit/537.36 (KHTML, like Gecko) Chrome/52.0.2743.116 Safari/537.36"
[2016-09-12 15:31:29.012] [INFO] access - ::1 - - "GET /report.html HTTP/1.1" 302 66 "http://localhost:30031/warn.html" "Mozilla/5.0 (Macintosh; Intel Mac OS X 10_11_5) AppleWebKit/537.36 (KHTML, like Gecko) Chrome/52.0.2743.116 Safari/537.36"
[2016-09-12 15:31:29.024] [INFO] access - ::1 - - "GET /index.html HTTP/1.1" 304 - "http://localhost:30031/warn.html" "Mozilla/5.0 (Macintosh; Intel Mac OS X 10_11_5) AppleWebKit/537.36 (KHTML, like Gecko) Chrome/52.0.2743.116 Safari/537.36"
[2016-09-12 15:31:59.766] [INFO] access - ::1 - - "GET /index.html HTTP/1.1" 304 - "http://localhost:30031/warn.html" "Mozilla/5.0 (Macintosh; Intel Mac OS X 10_11_5) AppleWebKit/537.36 (KHTML, like Gecko) Chrome/52.0.2743.116 Safari/537.36"
[2016-09-12 15:32:00.757] [INFO] access - ::1 - - "POST /login HTTP/1.1" 200 23 "http://localhost:30031/index.html" "Mozilla/5.0 (Macintosh; Intel Mac OS X 10_11_5) AppleWebKit/537.36 (KHTML, like Gecko) Chrome/52.0.2743.116 Safari/537.36"
[2016-09-12 15:32:00.775] [INFO] access - ::1 - - "GET /warn.html HTTP/1.1" 304 - "http://localhost:30031/index.html" "Mozilla/5.0 (Macintosh; Intel Mac OS X 10_11_5) AppleWebKit/537.36 (KHTML, like Gecko) Chrome/52.0.2743.116 Safari/537.36"
[2016-09-12 15:32:02.078] [INFO] access - ::1 - - "GET /report.html HTTP/1.1" 200 2836 "http://localhost:30031/warn.html" "Mozilla/5.0 (Macintosh; Intel Mac OS X 10_11_5) AppleWebKit/537.36 (KHTML, like Gecko) Chrome/52.0.2743.116 Safari/537.36"
[2016-09-12 15:32:18.508] [INFO] access - ::1 - - "GET /report.html HTTP/1.1" 302 66 "http://localhost:30031/warn.html" "Mozilla/5.0 (Macintosh; Intel Mac OS X 10_11_5) AppleWebKit/537.36 (KHTML, like Gecko) Chrome/52.0.2743.116 Safari/537.36"
[2016-09-12 15:32:18.518] [INFO] access - ::1 - - "GET /index.html HTTP/1.1" 304 - "http://localhost:30031/warn.html" "Mozilla/5.0 (Macintosh; Intel Mac OS X 10_11_5) AppleWebKit/537.36 (KHTML, like Gecko) Chrome/52.0.2743.116 Safari/537.36"
[2016-09-12 15:32:38.155] [INFO] access - ::1 - - "GET /index.html HTTP/1.1" 304 - "http://localhost:30031/warn.html" "Mozilla/5.0 (Macintosh; Intel Mac OS X 10_11_5) AppleWebKit/537.36 (KHTML, like Gecko) Chrome/52.0.2743.116 Safari/537.36"
[2016-09-12 15:32:40.757] [INFO] access - ::1 - - "POST /login HTTP/1.1" 200 23 "http://localhost:30031/index.html" "Mozilla/5.0 (Macintosh; Intel Mac OS X 10_11_5) AppleWebKit/537.36 (KHTML, like Gecko) Chrome/52.0.2743.116 Safari/537.36"
[2016-09-12 15:32:40.798] [INFO] access - ::1 - - "GET /warn.html HTTP/1.1" 304 - "http://localhost:30031/index.html" "Mozilla/5.0 (Macintosh; Intel Mac OS X 10_11_5) AppleWebKit/537.36 (KHTML, like Gecko) Chrome/52.0.2743.116 Safari/537.36"
[2016-09-12 15:32:41.659] [INFO] access - ::1 - - "GET /report.html HTTP/1.1" 200 2836 "http://localhost:30031/warn.html" "Mozilla/5.0 (Macintosh; Intel Mac OS X 10_11_5) AppleWebKit/537.36 (KHTML, like Gecko) Chrome/52.0.2743.116 Safari/537.36"
[2016-09-12 15:33:05.986] [INFO] access - ::1 - - "GET /report.html HTTP/1.1" 302 66 "http://localhost:30031/warn.html" "Mozilla/5.0 (Macintosh; Intel Mac OS X 10_11_5) AppleWebKit/537.36 (KHTML, like Gecko) Chrome/52.0.2743.116 Safari/537.36"
[2016-09-12 15:33:05.997] [INFO] access - ::1 - - "GET /index.html HTTP/1.1" 304 - "http://localhost:30031/warn.html" "Mozilla/5.0 (Macintosh; Intel Mac OS X 10_11_5) AppleWebKit/537.36 (KHTML, like Gecko) Chrome/52.0.2743.116 Safari/537.36"
[2016-09-12 15:33:07.507] [INFO] access - ::1 - - "POST /login HTTP/1.1" 200 23 "http://localhost:30031/index.html" "Mozilla/5.0 (Macintosh; Intel Mac OS X 10_11_5) AppleWebKit/537.36 (KHTML, like Gecko) Chrome/52.0.2743.116 Safari/537.36"
[2016-09-12 15:33:07.523] [INFO] access - ::1 - - "GET /warn.html HTTP/1.1" 304 - "http://localhost:30031/index.html" "Mozilla/5.0 (Macintosh; Intel Mac OS X 10_11_5) AppleWebKit/537.36 (KHTML, like Gecko) Chrome/52.0.2743.116 Safari/537.36"
[2016-09-12 15:33:08.718] [INFO] access - ::1 - - "GET /report.html HTTP/1.1" 200 2836 "http://localhost:30031/warn.html" "Mozilla/5.0 (Macintosh; Intel Mac OS X 10_11_5) AppleWebKit/537.36 (KHTML, like Gecko) Chrome/52.0.2743.116 Safari/537.36"
[2016-09-12 15:33:46.717] [INFO] access - ::1 - - "GET /report.html HTTP/1.1" 302 66 "http://localhost:30031/warn.html" "Mozilla/5.0 (Macintosh; Intel Mac OS X 10_11_5) AppleWebKit/537.36 (KHTML, like Gecko) Chrome/52.0.2743.116 Safari/537.36"
[2016-09-12 15:33:46.743] [INFO] access - ::1 - - "GET /index.html HTTP/1.1" 304 - "http://localhost:30031/warn.html" "Mozilla/5.0 (Macintosh; Intel Mac OS X 10_11_5) AppleWebKit/537.36 (KHTML, like Gecko) Chrome/52.0.2743.116 Safari/537.36"
[2016-09-12 15:33:48.075] [INFO] access - ::1 - - "POST /login HTTP/1.1" 200 23 "http://localhost:30031/index.html" "Mozilla/5.0 (Macintosh; Intel Mac OS X 10_11_5) AppleWebKit/537.36 (KHTML, like Gecko) Chrome/52.0.2743.116 Safari/537.36"
[2016-09-12 15:33:48.092] [INFO] access - ::1 - - "GET /warn.html HTTP/1.1" 304 - "http://localhost:30031/index.html" "Mozilla/5.0 (Macintosh; Intel Mac OS X 10_11_5) AppleWebKit/537.36 (KHTML, like Gecko) Chrome/52.0.2743.116 Safari/537.36"
[2016-09-12 15:33:48.987] [INFO] access - ::1 - - "GET /report.html HTTP/1.1" 200 2836 "http://localhost:30031/warn.html" "Mozilla/5.0 (Macintosh; Intel Mac OS X 10_11_5) AppleWebKit/537.36 (KHTML, like Gecko) Chrome/52.0.2743.116 Safari/537.36"
[2016-09-12 15:33:57.725] [INFO] access - ::1 - - "GET /report.html HTTP/1.1" 302 66 "http://localhost:30031/warn.html" "Mozilla/5.0 (Macintosh; Intel Mac OS X 10_11_5) AppleWebKit/537.36 (KHTML, like Gecko) Chrome/52.0.2743.116 Safari/537.36"
[2016-09-12 15:33:57.744] [INFO] access - ::1 - - "GET /index.html HTTP/1.1" 304 - "http://localhost:30031/warn.html" "Mozilla/5.0 (Macintosh; Intel Mac OS X 10_11_5) AppleWebKit/537.36 (KHTML, like Gecko) Chrome/52.0.2743.116 Safari/537.36"
[2016-09-12 15:40:13.542] [INFO] access - ::1 - - "GET /index.html HTTP/1.1" 304 - "http://localhost:30031/warn.html" "Mozilla/5.0 (Macintosh; Intel Mac OS X 10_11_5) AppleWebKit/537.36 (KHTML, like Gecko) Chrome/52.0.2743.116 Safari/537.36"
[2016-09-12 15:40:14.304] [INFO] access - ::1 - - "POST /login HTTP/1.1" 200 23 "http://localhost:30031/index.html" "Mozilla/5.0 (Macintosh; Intel Mac OS X 10_11_5) AppleWebKit/537.36 (KHTML, like Gecko) Chrome/52.0.2743.116 Safari/537.36"
[2016-09-12 15:40:14.323] [INFO] access - ::1 - - "GET /warn.html HTTP/1.1" 304 - "http://localhost:30031/index.html" "Mozilla/5.0 (Macintosh; Intel Mac OS X 10_11_5) AppleWebKit/537.36 (KHTML, like Gecko) Chrome/52.0.2743.116 Safari/537.36"
[2016-09-12 15:40:15.414] [INFO] access - ::1 - - "GET /report.html HTTP/1.1" 200 2836 "http://localhost:30031/warn.html" "Mozilla/5.0 (Macintosh; Intel Mac OS X 10_11_5) AppleWebKit/537.36 (KHTML, like Gecko) Chrome/52.0.2743.116 Safari/537.36"
[2016-09-12 15:41:04.807] [INFO] access - ::1 - - "GET /report.html HTTP/1.1" 302 66 "http://localhost:30031/warn.html" "Mozilla/5.0 (Macintosh; Intel Mac OS X 10_11_5) AppleWebKit/537.36 (KHTML, like Gecko) Chrome/52.0.2743.116 Safari/537.36"
[2016-09-12 15:41:04.816] [INFO] access - ::1 - - "GET /index.html HTTP/1.1" 304 - "http://localhost:30031/warn.html" "Mozilla/5.0 (Macintosh; Intel Mac OS X 10_11_5) AppleWebKit/537.36 (KHTML, like Gecko) Chrome/52.0.2743.116 Safari/537.36"
[2016-09-12 15:41:06.241] [INFO] access - ::1 - - "POST /login HTTP/1.1" 200 23 "http://localhost:30031/index.html" "Mozilla/5.0 (Macintosh; Intel Mac OS X 10_11_5) AppleWebKit/537.36 (KHTML, like Gecko) Chrome/52.0.2743.116 Safari/537.36"
[2016-09-12 15:41:06.260] [INFO] access - ::1 - - "GET /warn.html HTTP/1.1" 304 - "http://localhost:30031/index.html" "Mozilla/5.0 (Macintosh; Intel Mac OS X 10_11_5) AppleWebKit/537.36 (KHTML, like Gecko) Chrome/52.0.2743.116 Safari/537.36"
[2016-09-12 15:41:07.275] [INFO] access - ::1 - - "GET /report.html HTTP/1.1" 200 2836 "http://localhost:30031/warn.html" "Mozilla/5.0 (Macintosh; Intel Mac OS X 10_11_5) AppleWebKit/537.36 (KHTML, like Gecko) Chrome/52.0.2743.116 Safari/537.36"
[2016-09-12 15:41:18.028] [INFO] access - ::1 - - "GET /report.html HTTP/1.1" 302 66 "http://localhost:30031/warn.html" "Mozilla/5.0 (Macintosh; Intel Mac OS X 10_11_5) AppleWebKit/537.36 (KHTML, like Gecko) Chrome/52.0.2743.116 Safari/537.36"
[2016-09-12 15:41:18.041] [INFO] access - ::1 - - "GET /index.html HTTP/1.1" 304 - "http://localhost:30031/warn.html" "Mozilla/5.0 (Macintosh; Intel Mac OS X 10_11_5) AppleWebKit/537.36 (KHTML, like Gecko) Chrome/52.0.2743.116 Safari/537.36"
[2016-09-12 15:44:03.298] [INFO] access - ::1 - - "GET /index.html HTTP/1.1" 304 - "http://localhost:30031/warn.html" "Mozilla/5.0 (Macintosh; Intel Mac OS X 10_11_5) AppleWebKit/537.36 (KHTML, like Gecko) Chrome/52.0.2743.116 Safari/537.36"
[2016-09-12 15:44:04.148] [INFO] access - ::1 - - "POST /login HTTP/1.1" 200 23 "http://localhost:30031/index.html" "Mozilla/5.0 (Macintosh; Intel Mac OS X 10_11_5) AppleWebKit/537.36 (KHTML, like Gecko) Chrome/52.0.2743.116 Safari/537.36"
[2016-09-12 15:44:04.172] [INFO] access - ::1 - - "GET /warn.html HTTP/1.1" 304 - "http://localhost:30031/index.html" "Mozilla/5.0 (Macintosh; Intel Mac OS X 10_11_5) AppleWebKit/537.36 (KHTML, like Gecko) Chrome/52.0.2743.116 Safari/537.36"
[2016-09-12 15:44:05.389] [INFO] access - ::1 - - "GET /report.html HTTP/1.1" 200 2836 "http://localhost:30031/warn.html" "Mozilla/5.0 (Macintosh; Intel Mac OS X 10_11_5) AppleWebKit/537.36 (KHTML, like Gecko) Chrome/52.0.2743.116 Safari/537.36"
[2016-09-12 15:44:26.430] [INFO] access - ::1 - - "GET /report.html HTTP/1.1" 302 66 "http://localhost:30031/warn.html" "Mozilla/5.0 (Macintosh; Intel Mac OS X 10_11_5) AppleWebKit/537.36 (KHTML, like Gecko) Chrome/52.0.2743.116 Safari/537.36"
[2016-09-12 15:44:26.442] [INFO] access - ::1 - - "GET /index.html HTTP/1.1" 304 - "http://localhost:30031/warn.html" "Mozilla/5.0 (Macintosh; Intel Mac OS X 10_11_5) AppleWebKit/537.36 (KHTML, like Gecko) Chrome/52.0.2743.116 Safari/537.36"
[2016-09-12 15:44:28.003] [INFO] access - ::1 - - "POST /login HTTP/1.1" 200 23 "http://localhost:30031/index.html" "Mozilla/5.0 (Macintosh; Intel Mac OS X 10_11_5) AppleWebKit/537.36 (KHTML, like Gecko) Chrome/52.0.2743.116 Safari/537.36"
[2016-09-12 15:44:28.019] [INFO] access - ::1 - - "GET /warn.html HTTP/1.1" 304 - "http://localhost:30031/index.html" "Mozilla/5.0 (Macintosh; Intel Mac OS X 10_11_5) AppleWebKit/537.36 (KHTML, like Gecko) Chrome/52.0.2743.116 Safari/537.36"
[2016-09-12 15:44:29.286] [INFO] access - ::1 - - "GET /report.html HTTP/1.1" 200 2836 "http://localhost:30031/warn.html" "Mozilla/5.0 (Macintosh; Intel Mac OS X 10_11_5) AppleWebKit/537.36 (KHTML, like Gecko) Chrome/52.0.2743.116 Safari/537.36"
[2016-09-12 15:47:46.494] [INFO] access - ::1 - - "GET /report.html HTTP/1.1" 302 66 "http://localhost:30031/warn.html" "Mozilla/5.0 (Macintosh; Intel Mac OS X 10_11_5) AppleWebKit/537.36 (KHTML, like Gecko) Chrome/52.0.2743.116 Safari/537.36"
[2016-09-12 15:47:46.522] [INFO] access - ::1 - - "GET /index.html HTTP/1.1" 304 - "http://localhost:30031/warn.html" "Mozilla/5.0 (Macintosh; Intel Mac OS X 10_11_5) AppleWebKit/537.36 (KHTML, like Gecko) Chrome/52.0.2743.116 Safari/537.36"
[2016-09-12 15:52:23.985] [INFO] access - ::1 - - "GET /index.html HTTP/1.1" 304 - "http://localhost:30031/warn.html" "Mozilla/5.0 (Macintosh; Intel Mac OS X 10_11_5) AppleWebKit/537.36 (KHTML, like Gecko) Chrome/52.0.2743.116 Safari/537.36"
[2016-09-12 15:52:24.882] [INFO] access - ::1 - - "POST /login HTTP/1.1" 200 23 "http://localhost:30031/index.html" "Mozilla/5.0 (Macintosh; Intel Mac OS X 10_11_5) AppleWebKit/537.36 (KHTML, like Gecko) Chrome/52.0.2743.116 Safari/537.36"
[2016-09-12 15:52:24.956] [INFO] access - ::1 - - "GET /warn.html HTTP/1.1" 304 - "http://localhost:30031/index.html" "Mozilla/5.0 (Macintosh; Intel Mac OS X 10_11_5) AppleWebKit/537.36 (KHTML, like Gecko) Chrome/52.0.2743.116 Safari/537.36"
[2016-09-12 15:52:26.192] [INFO] access - ::1 - - "GET /report.html HTTP/1.1" 200 2836 "http://localhost:30031/warn.html" "Mozilla/5.0 (Macintosh; Intel Mac OS X 10_11_5) AppleWebKit/537.36 (KHTML, like Gecko) Chrome/52.0.2743.116 Safari/537.36"
[2016-09-12 15:53:16.497] [INFO] access - ::1 - - "GET /report.html HTTP/1.1" 302 66 "http://localhost:30031/warn.html" "Mozilla/5.0 (Macintosh; Intel Mac OS X 10_11_5) AppleWebKit/537.36 (KHTML, like Gecko) Chrome/52.0.2743.116 Safari/537.36"
[2016-09-12 15:53:16.509] [INFO] access - ::1 - - "GET /index.html HTTP/1.1" 304 - "http://localhost:30031/warn.html" "Mozilla/5.0 (Macintosh; Intel Mac OS X 10_11_5) AppleWebKit/537.36 (KHTML, like Gecko) Chrome/52.0.2743.116 Safari/537.36"
[2016-09-12 15:53:17.780] [INFO] access - ::1 - - "POST /login HTTP/1.1" 200 23 "http://localhost:30031/index.html" "Mozilla/5.0 (Macintosh; Intel Mac OS X 10_11_5) AppleWebKit/537.36 (KHTML, like Gecko) Chrome/52.0.2743.116 Safari/537.36"
[2016-09-12 15:53:17.798] [INFO] access - ::1 - - "GET /warn.html HTTP/1.1" 304 - "http://localhost:30031/index.html" "Mozilla/5.0 (Macintosh; Intel Mac OS X 10_11_5) AppleWebKit/537.36 (KHTML, like Gecko) Chrome/52.0.2743.116 Safari/537.36"
[2016-09-12 15:53:18.590] [INFO] access - ::1 - - "GET /report.html HTTP/1.1" 200 2836 "http://localhost:30031/warn.html" "Mozilla/5.0 (Macintosh; Intel Mac OS X 10_11_5) AppleWebKit/537.36 (KHTML, like Gecko) Chrome/52.0.2743.116 Safari/537.36"
[2016-09-12 15:53:39.782] [INFO] access - ::1 - - "GET /report.html HTTP/1.1" 302 66 "http://localhost:30031/warn.html" "Mozilla/5.0 (Macintosh; Intel Mac OS X 10_11_5) AppleWebKit/537.36 (KHTML, like Gecko) Chrome/52.0.2743.116 Safari/537.36"
[2016-09-12 15:53:39.793] [INFO] access - ::1 - - "GET /index.html HTTP/1.1" 304 - "http://localhost:30031/warn.html" "Mozilla/5.0 (Macintosh; Intel Mac OS X 10_11_5) AppleWebKit/537.36 (KHTML, like Gecko) Chrome/52.0.2743.116 Safari/537.36"
[2016-09-12 15:53:40.567] [INFO] access - ::1 - - "GET /index.html HTTP/1.1" 304 - "http://localhost:30031/warn.html" "Mozilla/5.0 (Macintosh; Intel Mac OS X 10_11_5) AppleWebKit/537.36 (KHTML, like Gecko) Chrome/52.0.2743.116 Safari/537.36"
[2016-09-12 15:53:41.291] [INFO] access - ::1 - - "POST /login HTTP/1.1" 200 23 "http://localhost:30031/index.html" "Mozilla/5.0 (Macintosh; Intel Mac OS X 10_11_5) AppleWebKit/537.36 (KHTML, like Gecko) Chrome/52.0.2743.116 Safari/537.36"
[2016-09-12 15:53:41.309] [INFO] access - ::1 - - "GET /warn.html HTTP/1.1" 304 - "http://localhost:30031/index.html" "Mozilla/5.0 (Macintosh; Intel Mac OS X 10_11_5) AppleWebKit/537.36 (KHTML, like Gecko) Chrome/52.0.2743.116 Safari/537.36"
[2016-09-12 15:53:42.137] [INFO] access - ::1 - - "GET /report.html HTTP/1.1" 200 2836 "http://localhost:30031/warn.html" "Mozilla/5.0 (Macintosh; Intel Mac OS X 10_11_5) AppleWebKit/537.36 (KHTML, like Gecko) Chrome/52.0.2743.116 Safari/537.36"
[2016-09-12 15:55:07.055] [INFO] access - ::1 - - "GET /report.html HTTP/1.1" 302 66 "http://localhost:30031/warn.html" "Mozilla/5.0 (Macintosh; Intel Mac OS X 10_11_5) AppleWebKit/537.36 (KHTML, like Gecko) Chrome/52.0.2743.116 Safari/537.36"
[2016-09-12 15:55:07.066] [INFO] access - ::1 - - "GET /index.html HTTP/1.1" 304 - "http://localhost:30031/warn.html" "Mozilla/5.0 (Macintosh; Intel Mac OS X 10_11_5) AppleWebKit/537.36 (KHTML, like Gecko) Chrome/52.0.2743.116 Safari/537.36"
[2016-09-12 15:56:59.868] [INFO] access - ::1 - - "GET /index.html HTTP/1.1" 304 - "http://localhost:30031/warn.html" "Mozilla/5.0 (Macintosh; Intel Mac OS X 10_11_5) AppleWebKit/537.36 (KHTML, like Gecko) Chrome/52.0.2743.116 Safari/537.36"
[2016-09-12 15:57:00.494] [INFO] access - ::1 - - "POST /login HTTP/1.1" 200 23 "http://localhost:30031/index.html" "Mozilla/5.0 (Macintosh; Intel Mac OS X 10_11_5) AppleWebKit/537.36 (KHTML, like Gecko) Chrome/52.0.2743.116 Safari/537.36"
[2016-09-12 15:57:00.517] [INFO] access - ::1 - - "GET /warn.html HTTP/1.1" 304 - "http://localhost:30031/index.html" "Mozilla/5.0 (Macintosh; Intel Mac OS X 10_11_5) AppleWebKit/537.36 (KHTML, like Gecko) Chrome/52.0.2743.116 Safari/537.36"
[2016-09-12 15:57:01.793] [INFO] access - ::1 - - "GET /report.html HTTP/1.1" 200 2836 "http://localhost:30031/warn.html" "Mozilla/5.0 (Macintosh; Intel Mac OS X 10_11_5) AppleWebKit/537.36 (KHTML, like Gecko) Chrome/52.0.2743.116 Safari/537.36"
[2016-09-12 15:59:17.116] [INFO] access - ::1 - - "GET /report.html HTTP/1.1" 302 66 "http://localhost:30031/warn.html" "Mozilla/5.0 (Macintosh; Intel Mac OS X 10_11_5) AppleWebKit/537.36 (KHTML, like Gecko) Chrome/52.0.2743.116 Safari/537.36"
[2016-09-12 15:59:17.124] [INFO] access - ::1 - - "GET /index.html HTTP/1.1" 304 - "http://localhost:30031/warn.html" "Mozilla/5.0 (Macintosh; Intel Mac OS X 10_11_5) AppleWebKit/537.36 (KHTML, like Gecko) Chrome/52.0.2743.116 Safari/537.36"
[2016-09-12 15:59:18.472] [INFO] access - ::1 - - "POST /login HTTP/1.1" 200 23 "http://localhost:30031/index.html" "Mozilla/5.0 (Macintosh; Intel Mac OS X 10_11_5) AppleWebKit/537.36 (KHTML, like Gecko) Chrome/52.0.2743.116 Safari/537.36"
[2016-09-12 15:59:18.490] [INFO] access - ::1 - - "GET /warn.html HTTP/1.1" 304 - "http://localhost:30031/index.html" "Mozilla/5.0 (Macintosh; Intel Mac OS X 10_11_5) AppleWebKit/537.36 (KHTML, like Gecko) Chrome/52.0.2743.116 Safari/537.36"
[2016-09-12 15:59:19.431] [INFO] access - ::1 - - "GET /report.html HTTP/1.1" 200 2836 "http://localhost:30031/warn.html" "Mozilla/5.0 (Macintosh; Intel Mac OS X 10_11_5) AppleWebKit/537.36 (KHTML, like Gecko) Chrome/52.0.2743.116 Safari/537.36"
[2016-09-12 15:59:46.224] [INFO] access - ::1 - - "GET /report.html HTTP/1.1" 304 - "http://localhost:30031/warn.html" "Mozilla/5.0 (Macintosh; Intel Mac OS X 10_11_5) AppleWebKit/537.36 (KHTML, like Gecko) Chrome/52.0.2743.116 Safari/537.36"
[2016-09-12 16:00:00.854] [INFO] access - ::1 - - "GET /report.html HTTP/1.1" 302 66 "http://localhost:30031/warn.html" "Mozilla/5.0 (Macintosh; Intel Mac OS X 10_11_5) AppleWebKit/537.36 (KHTML, like Gecko) Chrome/52.0.2743.116 Safari/537.36"
[2016-09-12 16:00:00.863] [INFO] access - ::1 - - "GET /index.html HTTP/1.1" 304 - "http://localhost:30031/warn.html" "Mozilla/5.0 (Macintosh; Intel Mac OS X 10_11_5) AppleWebKit/537.36 (KHTML, like Gecko) Chrome/52.0.2743.116 Safari/537.36"
[2016-09-12 16:00:02.249] [INFO] access - ::1 - - "POST /login HTTP/1.1" 200 23 "http://localhost:30031/index.html" "Mozilla/5.0 (Macintosh; Intel Mac OS X 10_11_5) AppleWebKit/537.36 (KHTML, like Gecko) Chrome/52.0.2743.116 Safari/537.36"
[2016-09-12 16:00:02.266] [INFO] access - ::1 - - "GET /warn.html HTTP/1.1" 304 - "http://localhost:30031/index.html" "Mozilla/5.0 (Macintosh; Intel Mac OS X 10_11_5) AppleWebKit/537.36 (KHTML, like Gecko) Chrome/52.0.2743.116 Safari/537.36"
[2016-09-12 16:00:05.312] [INFO] access - ::1 - - "GET /report.html HTTP/1.1" 200 2836 "http://localhost:30031/warn.html" "Mozilla/5.0 (Macintosh; Intel Mac OS X 10_11_5) AppleWebKit/537.36 (KHTML, like Gecko) Chrome/52.0.2743.116 Safari/537.36"
[2016-09-12 16:00:52.351] [INFO] access - ::1 - - "GET /report.html HTTP/1.1" 302 66 "http://localhost:30031/warn.html" "Mozilla/5.0 (Macintosh; Intel Mac OS X 10_11_5) AppleWebKit/537.36 (KHTML, like Gecko) Chrome/52.0.2743.116 Safari/537.36"
[2016-09-12 16:00:52.369] [INFO] access - ::1 - - "GET /index.html HTTP/1.1" 304 - "http://localhost:30031/warn.html" "Mozilla/5.0 (Macintosh; Intel Mac OS X 10_11_5) AppleWebKit/537.36 (KHTML, like Gecko) Chrome/52.0.2743.116 Safari/537.36"
[2016-09-12 16:00:53.440] [INFO] access - ::1 - - "POST /login HTTP/1.1" 200 23 "http://localhost:30031/index.html" "Mozilla/5.0 (Macintosh; Intel Mac OS X 10_11_5) AppleWebKit/537.36 (KHTML, like Gecko) Chrome/52.0.2743.116 Safari/537.36"
[2016-09-12 16:00:53.459] [INFO] access - ::1 - - "GET /warn.html HTTP/1.1" 304 - "http://localhost:30031/index.html" "Mozilla/5.0 (Macintosh; Intel Mac OS X 10_11_5) AppleWebKit/537.36 (KHTML, like Gecko) Chrome/52.0.2743.116 Safari/537.36"
[2016-09-12 16:00:54.560] [INFO] access - ::1 - - "GET /report.html HTTP/1.1" 200 2836 "http://localhost:30031/warn.html" "Mozilla/5.0 (Macintosh; Intel Mac OS X 10_11_5) AppleWebKit/537.36 (KHTML, like Gecko) Chrome/52.0.2743.116 Safari/537.36"
