[2017-04-23 21:10:00.411] [INFO] access - ::1 - - "GET / HTTP/1.1" 200 3246 "" "Mozilla/5.0 (Macintosh; Intel Mac OS X 10_11_5) AppleWebKit/537.36 (KHTML, like Gecko) Chrome/57.0.2987.133 Safari/537.36"
[2017-04-23 21:10:00.739] [INFO] access - ::1 - - "GET / HTTP/1.1" 304 - "http://localhost:30031/" "Mozilla/5.0 (Macintosh; Intel Mac OS X 10_11_5) AppleWebKit/537.36 (KHTML, like Gecko) Chrome/57.0.2987.133 Safari/537.36"
[2017-04-23 21:10:00.874] [INFO] access - ::1 - - "GET /favicon.ico HTTP/1.1" 404 1192 "http://localhost:30031/" "Mozilla/5.0 (Macintosh; Intel Mac OS X 10_11_5) AppleWebKit/537.36 (KHTML, like Gecko) Chrome/57.0.2987.133 Safari/537.36"
[2017-04-23 21:10:04.228] [INFO] access - ::1 - - "POST /login HTTP/1.1" 200 23 "http://localhost:30031/" "Mozilla/5.0 (Macintosh; Intel Mac OS X 10_11_5) AppleWebKit/537.36 (KHTML, like Gecko) Chrome/57.0.2987.133 Safari/537.36"
[2017-04-23 21:10:11.294] [INFO] access - ::1 - - "GET /users.html HTTP/1.1" 200 2002 "http://localhost:30031/" "Mozilla/5.0 (Macintosh; Intel Mac OS X 10_11_5) AppleWebKit/537.36 (KHTML, like Gecko) Chrome/57.0.2987.133 Safari/537.36"
[2017-04-23 21:10:11.485] [INFO] access - ::1 - - "GET /users.html HTTP/1.1" 304 - "http://localhost:30031/users.html" "Mozilla/5.0 (Macintosh; Intel Mac OS X 10_11_5) AppleWebKit/537.36 (KHTML, like Gecko) Chrome/57.0.2987.133 Safari/537.36"
[2017-04-23 21:12:07.464] [INFO] access - ::1 - - "POST /login HTTP/1.1" 200 23 "http://localhost:30031/" "Mozilla/5.0 (Macintosh; Intel Mac OS X 10_11_5) AppleWebKit/537.36 (KHTML, like Gecko) Chrome/57.0.2987.133 Safari/537.36"
[2017-04-23 21:12:07.483] [INFO] access - ::1 - - "GET /warn.html HTTP/1.1" 200 2989 "http://localhost:30031/" "Mozilla/5.0 (Macintosh; Intel Mac OS X 10_11_5) AppleWebKit/537.36 (KHTML, like Gecko) Chrome/57.0.2987.133 Safari/537.36"
[2017-04-23 21:12:07.784] [INFO] access - ::1 - - "GET /warn.html HTTP/1.1" 304 - "http://localhost:30031/warn.html" "Mozilla/5.0 (Macintosh; Intel Mac OS X 10_11_5) AppleWebKit/537.36 (KHTML, like Gecko) Chrome/57.0.2987.133 Safari/537.36"
[2017-04-23 21:12:12.771] [INFO] access - ::1 - - "GET /brief.html HTTP/1.1" 200 13901 "http://localhost:30031/warn.html" "Mozilla/5.0 (Macintosh; Intel Mac OS X 10_11_5) AppleWebKit/537.36 (KHTML, like Gecko) Chrome/57.0.2987.133 Safari/537.36"
[2017-04-23 21:12:12.823] [INFO] access - ::1 - - "GET /font-face/helveticaneueltpro-th-webfont.woff HTTP/1.1" 404 1192 "http://localhost:30031/style/base.css" "Mozilla/5.0 (Macintosh; Intel Mac OS X 10_11_5) AppleWebKit/537.36 (KHTML, like Gecko) Chrome/57.0.2987.133 Safari/537.36"
[2017-04-23 21:12:12.896] [INFO] access - ::1 - - "GET /font-face/helveticaneueltpro-th-webfont.ttf HTTP/1.1" 404 1192 "http://localhost:30031/style/base.css" "Mozilla/5.0 (Macintosh; Intel Mac OS X 10_11_5) AppleWebKit/537.36 (KHTML, like Gecko) Chrome/57.0.2987.133 Safari/537.36"
[2017-04-23 21:12:12.910] [INFO] access - ::1 - - "GET /script/jquery-1.10.2.min.js?bust=1492953132800 HTTP/1.1" 404 1192 "http://localhost:30031/brief.html" "Mozilla/5.0 (Macintosh; Intel Mac OS X 10_11_5) AppleWebKit/537.36 (KHTML, like Gecko) Chrome/57.0.2987.133 Safari/537.36"
[2017-04-23 21:12:13.040] [INFO] access - ::1 - - "GET /brief.html HTTP/1.1" 304 - "http://localhost:30031/brief.html" "Mozilla/5.0 (Macintosh; Intel Mac OS X 10_11_5) AppleWebKit/537.36 (KHTML, like Gecko) Chrome/57.0.2987.133 Safari/537.36"
[2017-04-23 21:12:15.134] [INFO] access - ::1 - - "GET /monitor.html HTTP/1.1" 200 5773 "http://localhost:30031/brief.html" "Mozilla/5.0 (Macintosh; Intel Mac OS X 10_11_5) AppleWebKit/537.36 (KHTML, like Gecko) Chrome/57.0.2987.133 Safari/537.36"
[2017-04-23 21:12:15.256] [INFO] access - ::1 - - "GET /monitor.html HTTP/1.1" 304 - "http://localhost:30031/monitor.html" "Mozilla/5.0 (Macintosh; Intel Mac OS X 10_11_5) AppleWebKit/537.36 (KHTML, like Gecko) Chrome/57.0.2987.133 Safari/537.36"
[2017-04-23 21:12:20.452] [INFO] access - ::1 - - "GET /report.html HTTP/1.1" 200 2848 "http://localhost:30031/monitor.html" "Mozilla/5.0 (Macintosh; Intel Mac OS X 10_11_5) AppleWebKit/537.36 (KHTML, like Gecko) Chrome/57.0.2987.133 Safari/537.36"
[2017-04-23 21:12:20.581] [INFO] access - ::1 - - "GET /report.html HTTP/1.1" 304 - "http://localhost:30031/report.html" "Mozilla/5.0 (Macintosh; Intel Mac OS X 10_11_5) AppleWebKit/537.36 (KHTML, like Gecko) Chrome/57.0.2987.133 Safari/537.36"
[2017-04-23 21:12:23.417] [INFO] access - ::1 - - "GET /config.html HTTP/1.1" 200 2609 "http://localhost:30031/report.html" "Mozilla/5.0 (Macintosh; Intel Mac OS X 10_11_5) AppleWebKit/537.36 (KHTML, like Gecko) Chrome/57.0.2987.133 Safari/537.36"
[2017-04-23 21:12:23.544] [INFO] access - ::1 - - "GET /config.html HTTP/1.1" 304 - "http://localhost:30031/config.html" "Mozilla/5.0 (Macintosh; Intel Mac OS X 10_11_5) AppleWebKit/537.36 (KHTML, like Gecko) Chrome/57.0.2987.133 Safari/537.36"
[2017-04-23 21:12:24.624] [INFO] access - ::1 - - "GET /system.html HTTP/1.1" 200 1738 "http://localhost:30031/config.html" "Mozilla/5.0 (Macintosh; Intel Mac OS X 10_11_5) AppleWebKit/537.36 (KHTML, like Gecko) Chrome/57.0.2987.133 Safari/537.36"
[2017-04-23 21:12:24.742] [INFO] access - ::1 - - "GET /system.html HTTP/1.1" 304 - "http://localhost:30031/system.html" "Mozilla/5.0 (Macintosh; Intel Mac OS X 10_11_5) AppleWebKit/537.36 (KHTML, like Gecko) Chrome/57.0.2987.133 Safari/537.36"
[2017-04-23 21:12:27.165] [INFO] access - ::1 - - "GET /report.html HTTP/1.1" 304 - "http://localhost:30031/system.html" "Mozilla/5.0 (Macintosh; Intel Mac OS X 10_11_5) AppleWebKit/537.36 (KHTML, like Gecko) Chrome/57.0.2987.133 Safari/537.36"
[2017-04-23 21:12:27.295] [INFO] access - ::1 - - "GET /report.html HTTP/1.1" 304 - "http://localhost:30031/report.html" "Mozilla/5.0 (Macintosh; Intel Mac OS X 10_11_5) AppleWebKit/537.36 (KHTML, like Gecko) Chrome/57.0.2987.133 Safari/537.36"
[2017-04-23 21:12:59.134] [INFO] access - ::1 - - "GET /warn.html HTTP/1.1" 304 - "http://localhost:30031/report.html" "Mozilla/5.0 (Macintosh; Intel Mac OS X 10_11_5) AppleWebKit/537.36 (KHTML, like Gecko) Chrome/57.0.2987.133 Safari/537.36"
[2017-04-23 21:12:59.386] [INFO] access - ::1 - - "GET /warn.html HTTP/1.1" 304 - "http://localhost:30031/warn.html" "Mozilla/5.0 (Macintosh; Intel Mac OS X 10_11_5) AppleWebKit/537.36 (KHTML, like Gecko) Chrome/57.0.2987.133 Safari/537.36"
[2017-04-23 21:13:14.642] [INFO] access - ::1 - - "GET /monitor.html HTTP/1.1" 304 - "http://localhost:30031/warn.html" "Mozilla/5.0 (Macintosh; Intel Mac OS X 10_11_5) AppleWebKit/537.36 (KHTML, like Gecko) Chrome/57.0.2987.133 Safari/537.36"
[2017-04-23 21:13:14.785] [INFO] access - ::1 - - "GET /monitor.html HTTP/1.1" 304 - "http://localhost:30031/monitor.html" "Mozilla/5.0 (Macintosh; Intel Mac OS X 10_11_5) AppleWebKit/537.36 (KHTML, like Gecko) Chrome/57.0.2987.133 Safari/537.36"
[2017-04-23 21:13:41.578] [INFO] access - ::ffff:127.0.0.1 - - "GET /safe.html HTTP/1.1" 200 3404 "http://localhost:30031/monitor.html" "Mozilla/5.0 (Macintosh; Intel Mac OS X 10_11_5) AppleWebKit/537.36 (KHTML, like Gecko) Chrome/57.0.2987.133 Safari/537.36"
[2017-04-23 21:13:41.847] [INFO] access - ::ffff:127.0.0.1 - - "GET /safe.html HTTP/1.1" 304 - "http://127.0.0.1:30031/safe.html" "Mozilla/5.0 (Macintosh; Intel Mac OS X 10_11_5) AppleWebKit/537.36 (KHTML, like Gecko) Chrome/57.0.2987.133 Safari/537.36"
[2017-04-23 21:13:41.961] [INFO] access - ::ffff:127.0.0.1 - - "GET /favicon.ico HTTP/1.1" 404 1192 "http://127.0.0.1:30031/safe.html" "Mozilla/5.0 (Macintosh; Intel Mac OS X 10_11_5) AppleWebKit/537.36 (KHTML, like Gecko) Chrome/57.0.2987.133 Safari/537.36"
[2017-04-23 21:13:45.180] [INFO] access - ::1 - - "GET /report.html HTTP/1.1" 304 - "http://localhost:30031/monitor.html" "Mozilla/5.0 (Macintosh; Intel Mac OS X 10_11_5) AppleWebKit/537.36 (KHTML, like Gecko) Chrome/57.0.2987.133 Safari/537.36"
[2017-04-23 21:13:45.309] [INFO] access - ::1 - - "GET /report.html HTTP/1.1" 304 - "http://localhost:30031/report.html" "Mozilla/5.0 (Macintosh; Intel Mac OS X 10_11_5) AppleWebKit/537.36 (KHTML, like Gecko) Chrome/57.0.2987.133 Safari/537.36"
[2017-04-23 21:14:06.221] [INFO] access - ::1 - - "POST /users/add HTTP/1.1" 302 66 "http://localhost:30031/users.html" "Mozilla/5.0 (Macintosh; Intel Mac OS X 10_11_5) AppleWebKit/537.36 (KHTML, like Gecko) Chrome/57.0.2987.133 Safari/537.36"
[2017-04-23 21:14:06.226] [INFO] access - ::1 - - "GET /users.html HTTP/1.1" 200 2333 "http://localhost:30031/users.html" "Mozilla/5.0 (Macintosh; Intel Mac OS X 10_11_5) AppleWebKit/537.36 (KHTML, like Gecko) Chrome/57.0.2987.133 Safari/537.36"
[2017-04-23 21:14:06.422] [INFO] access - ::1 - - "GET /users.html HTTP/1.1" 304 - "http://localhost:30031/users.html" "Mozilla/5.0 (Macintosh; Intel Mac OS X 10_11_5) AppleWebKit/537.36 (KHTML, like Gecko) Chrome/57.0.2987.133 Safari/537.36"
[2017-04-23 21:14:43.696] [INFO] access - ::1 - - "GET /users/update/58fca89ef9fde84e2f5f876c HTTP/1.1" 200 1098 "http://localhost:30031/users.html" "Mozilla/5.0 (Macintosh; Intel Mac OS X 10_11_5) AppleWebKit/537.36 (KHTML, like Gecko) Chrome/57.0.2987.133 Safari/537.36"
[2017-04-23 21:14:43.949] [INFO] access - ::1 - - "GET /users/update/58fca89ef9fde84e2f5f876c HTTP/1.1" 304 - "http://localhost:30031/users/update/58fca89ef9fde84e2f5f876c" "Mozilla/5.0 (Macintosh; Intel Mac OS X 10_11_5) AppleWebKit/537.36 (KHTML, like Gecko) Chrome/57.0.2987.133 Safari/537.36"
[2017-04-23 21:14:47.838] [INFO] access - ::1 - - "POST /users/update HTTP/1.1" 302 66 "http://localhost:30031/users/update/58fca89ef9fde84e2f5f876c" "Mozilla/5.0 (Macintosh; Intel Mac OS X 10_11_5) AppleWebKit/537.36 (KHTML, like Gecko) Chrome/57.0.2987.133 Safari/537.36"
[2017-04-23 21:14:47.845] [INFO] access - ::1 - - "GET /users.html HTTP/1.1" 200 2333 "http://localhost:30031/users/update/58fca89ef9fde84e2f5f876c" "Mozilla/5.0 (Macintosh; Intel Mac OS X 10_11_5) AppleWebKit/537.36 (KHTML, like Gecko) Chrome/57.0.2987.133 Safari/537.36"
[2017-04-23 21:14:47.985] [INFO] access - ::1 - - "GET /users.html HTTP/1.1" 304 - "http://localhost:30031/users.html" "Mozilla/5.0 (Macintosh; Intel Mac OS X 10_11_5) AppleWebKit/537.36 (KHTML, like Gecko) Chrome/57.0.2987.133 Safari/537.36"
