[2016-09-20 11:23:46.123] [INFO] access - ::1 - - "GET /safe.html HTTP/1.1" 304 - "" "Mozilla/5.0 (Macintosh; Intel Mac OS X 10_11_5) AppleWebKit/537.36 (KHTML, like Gecko) Chrome/52.0.2743.116 Safari/537.36"
[2016-09-20 11:23:49.567] [INFO] access - ::1 - - "GET /index.html HTTP/1.1" 304 - "" "Mozilla/5.0 (Macintosh; Intel Mac OS X 10_11_5) AppleWebKit/537.36 (KHTML, like Gecko) Chrome/52.0.2743.116 Safari/537.36"
[2016-09-20 11:23:51.583] [INFO] access - ::1 - - "POST /login HTTP/1.1" 200 23 "http://localhost:30031/index.html" "Mozilla/5.0 (Macintosh; Intel Mac OS X 10_11_5) AppleWebKit/537.36 (KHTML, like Gecko) Chrome/52.0.2743.116 Safari/537.36"
[2016-09-20 11:23:51.597] [INFO] access - ::1 - - "GET /warn.html HTTP/1.1" 304 - "http://localhost:30031/index.html" "Mozilla/5.0 (Macintosh; Intel Mac OS X 10_11_5) AppleWebKit/537.36 (KHTML, like Gecko) Chrome/52.0.2743.116 Safari/537.36"
[2016-09-20 11:23:52.959] [INFO] access - ::1 - - "GET /config.html HTTP/1.1" 304 - "http://localhost:30031/warn.html" "Mozilla/5.0 (Macintosh; Intel Mac OS X 10_11_5) AppleWebKit/537.36 (KHTML, like Gecko) Chrome/52.0.2743.116 Safari/537.36"
[2016-09-20 11:23:54.786] [INFO] access - ::1 - - "GET /report.html HTTP/1.1" 304 - "http://localhost:30031/config.html" "Mozilla/5.0 (Macintosh; Intel Mac OS X 10_11_5) AppleWebKit/537.36 (KHTML, like Gecko) Chrome/52.0.2743.116 Safari/537.36"
[2016-09-20 11:24:05.447] [INFO] access - ::1 - - "GET /warn.html HTTP/1.1" 304 - "http://localhost:30031/report.html" "Mozilla/5.0 (Macintosh; Intel Mac OS X 10_11_5) AppleWebKit/537.36 (KHTML, like Gecko) Chrome/52.0.2743.116 Safari/537.36"
[2016-09-20 11:43:33.623] [INFO] access - ::1 - - "GET /report.html HTTP/1.1" 302 66 "http://localhost:30031/warn.html" "Mozilla/5.0 (Macintosh; Intel Mac OS X 10_11_5) AppleWebKit/537.36 (KHTML, like Gecko) Chrome/52.0.2743.116 Safari/537.36"
[2016-09-20 11:43:33.633] [INFO] access - ::1 - - "GET /index.html HTTP/1.1" 304 - "http://localhost:30031/warn.html" "Mozilla/5.0 (Macintosh; Intel Mac OS X 10_11_5) AppleWebKit/537.36 (KHTML, like Gecko) Chrome/52.0.2743.116 Safari/537.36"
[2016-09-20 11:43:35.350] [INFO] access - ::1 - - "POST /login HTTP/1.1" 200 23 "http://localhost:30031/index.html" "Mozilla/5.0 (Macintosh; Intel Mac OS X 10_11_5) AppleWebKit/537.36 (KHTML, like Gecko) Chrome/52.0.2743.116 Safari/537.36"
[2016-09-20 11:43:35.364] [INFO] access - ::1 - - "GET /warn.html HTTP/1.1" 304 - "http://localhost:30031/index.html" "Mozilla/5.0 (Macintosh; Intel Mac OS X 10_11_5) AppleWebKit/537.36 (KHTML, like Gecko) Chrome/52.0.2743.116 Safari/537.36"
[2016-09-20 11:43:36.440] [INFO] access - ::1 - - "GET /config.html HTTP/1.1" 304 - "http://localhost:30031/warn.html" "Mozilla/5.0 (Macintosh; Intel Mac OS X 10_11_5) AppleWebKit/537.36 (KHTML, like Gecko) Chrome/52.0.2743.116 Safari/537.36"
[2016-09-20 11:43:38.461] [INFO] access - ::1 - - "GET /report.html HTTP/1.1" 200 2836 "http://localhost:30031/config.html" "Mozilla/5.0 (Macintosh; Intel Mac OS X 10_11_5) AppleWebKit/537.36 (KHTML, like Gecko) Chrome/52.0.2743.116 Safari/537.36"
[2016-09-20 15:31:57.365] [INFO] access - ::1 - - "GET /report.html HTTP/1.1" 302 66 "http://localhost:30031/config.html" "Mozilla/5.0 (Macintosh; Intel Mac OS X 10_11_5) AppleWebKit/537.36 (KHTML, like Gecko) Chrome/52.0.2743.116 Safari/537.36"
[2016-09-20 15:31:57.370] [INFO] access - ::1 - - "GET /index.html HTTP/1.1" 304 - "http://localhost:30031/config.html" "Mozilla/5.0 (Macintosh; Intel Mac OS X 10_11_5) AppleWebKit/537.36 (KHTML, like Gecko) Chrome/52.0.2743.116 Safari/537.36"
[2016-09-20 15:32:06.245] [INFO] access - ::1 - - "GET /index.html HTTP/1.1" 304 - "http://localhost:30031/config.html" "Mozilla/5.0 (Macintosh; Intel Mac OS X 10_11_5) AppleWebKit/537.36 (KHTML, like Gecko) Chrome/52.0.2743.116 Safari/537.36"
[2016-09-20 15:32:08.774] [INFO] access - ::1 - - "GET /index.html HTTP/1.1" 304 - "http://localhost:30031/config.html" "Mozilla/5.0 (Macintosh; Intel Mac OS X 10_11_5) AppleWebKit/537.36 (KHTML, like Gecko) Chrome/52.0.2743.116 Safari/537.36"
[2016-09-20 15:32:37.170] [INFO] access - ::1 - - "GET /index.html HTTP/1.1" 304 - "http://localhost:30031/config.html" "Mozilla/5.0 (Macintosh; Intel Mac OS X 10_11_5) AppleWebKit/537.36 (KHTML, like Gecko) Chrome/52.0.2743.116 Safari/537.36"
[2016-09-20 15:34:24.400] [INFO] access - ::1 - - "GET /index.html HTTP/1.1" 200 3329 "http://localhost:30031/config.html" "Mozilla/5.0 (Macintosh; Intel Mac OS X 10_11_5) AppleWebKit/537.36 (KHTML, like Gecko) Chrome/52.0.2743.116 Safari/537.36"
[2016-09-20 15:34:36.697] [INFO] access - ::1 - - "GET /index.html HTTP/1.1" 304 - "http://localhost:30031/config.html" "Mozilla/5.0 (Macintosh; Intel Mac OS X 10_11_5) AppleWebKit/537.36 (KHTML, like Gecko) Chrome/52.0.2743.116 Safari/537.36"
[2016-09-20 15:34:44.800] [INFO] access - ::1 - - "GET /index.html HTTP/1.1" 200 3339 "http://localhost:30031/config.html" "Mozilla/5.0 (Macintosh; Intel Mac OS X 10_11_5) AppleWebKit/537.36 (KHTML, like Gecko) Chrome/52.0.2743.116 Safari/537.36"
[2016-09-20 15:37:00.915] [INFO] access - ::1 - - "GET /index.html HTTP/1.1" 200 3740 "http://localhost:30031/config.html" "Mozilla/5.0 (Macintosh; Intel Mac OS X 10_11_5) AppleWebKit/537.36 (KHTML, like Gecko) Chrome/52.0.2743.116 Safari/537.36"
[2016-09-20 15:37:03.284] [INFO] access - ::1 - - "GET /index.html HTTP/1.1" 304 - "http://localhost:30031/config.html" "Mozilla/5.0 (Macintosh; Intel Mac OS X 10_11_5) AppleWebKit/537.36 (KHTML, like Gecko) Chrome/52.0.2743.116 Safari/537.36"
[2016-09-20 15:45:33.022] [INFO] access - ::1 - - "GET /index.html HTTP/1.1" 200 3733 "http://localhost:30031/config.html" "Mozilla/5.0 (Macintosh; Intel Mac OS X 10_11_5) AppleWebKit/537.36 (KHTML, like Gecko) Chrome/52.0.2743.116 Safari/537.36"
[2016-09-20 15:45:35.757] [INFO] access - ::1 - - "GET /index.html HTTP/1.1" 304 - "http://localhost:30031/config.html" "Mozilla/5.0 (Macintosh; Intel Mac OS X 10_11_5) AppleWebKit/537.36 (KHTML, like Gecko) Chrome/52.0.2743.116 Safari/537.36"
[2016-09-20 15:45:40.635] [INFO] access - ::1 - - "GET /index.html HTTP/1.1" 304 - "http://localhost:30031/config.html" "Mozilla/5.0 (Macintosh; Intel Mac OS X 10_11_5) AppleWebKit/537.36 (KHTML, like Gecko) Chrome/52.0.2743.116 Safari/537.36"
[2016-09-20 15:46:07.761] [INFO] access - ::1 - - "GET /index.html HTTP/1.1" 200 3772 "http://localhost:30031/config.html" "Mozilla/5.0 (Macintosh; Intel Mac OS X 10_11_5) AppleWebKit/537.36 (KHTML, like Gecko) Chrome/52.0.2743.116 Safari/537.36"
[2016-09-20 15:50:25.918] [INFO] access - ::1 - - "GET /index.html HTTP/1.1" 200 3733 "http://localhost:30031/config.html" "Mozilla/5.0 (Macintosh; Intel Mac OS X 10_11_5) AppleWebKit/537.36 (KHTML, like Gecko) Chrome/52.0.2743.116 Safari/537.36"
[2016-09-20 16:28:46.316] [INFO] access - ::1 - - "GET /index.html HTTP/1.1" 200 3745 "http://localhost:30031/config.html" "Mozilla/5.0 (Macintosh; Intel Mac OS X 10_11_5) AppleWebKit/537.36 (KHTML, like Gecko) Chrome/52.0.2743.116 Safari/537.36"
[2016-09-20 16:34:08.389] [INFO] access - ::1 - - "GET /index.html HTTP/1.1" 304 - "http://localhost:30031/config.html" "Mozilla/5.0 (Macintosh; Intel Mac OS X 10_11_5) AppleWebKit/537.36 (KHTML, like Gecko) Chrome/52.0.2743.116 Safari/537.36"
[2016-09-20 16:38:01.887] [INFO] access - ::1 - - "GET /index.html HTTP/1.1" 200 3713 "http://localhost:30031/config.html" "Mozilla/5.0 (Macintosh; Intel Mac OS X 10_11_5) AppleWebKit/537.36 (KHTML, like Gecko) Chrome/52.0.2743.116 Safari/537.36"
[2016-09-20 16:38:15.883] [INFO] access - ::1 - - "GET /index.html HTTP/1.1" 304 - "http://localhost:30031/config.html" "Mozilla/5.0 (Macintosh; Intel Mac OS X 10_11_5) AppleWebKit/537.36 (KHTML, like Gecko) Chrome/52.0.2743.116 Safari/537.36"
[2016-09-20 16:38:23.129] [INFO] access - ::1 - - "GET /index.html HTTP/1.1" 304 - "http://localhost:30031/config.html" "Mozilla/5.0 (Macintosh; Intel Mac OS X 10_11_5) AppleWebKit/537.36 (KHTML, like Gecko) Chrome/52.0.2743.116 Safari/537.36"
[2016-09-20 16:38:26.724] [INFO] access - ::1 - - "GET /index.html HTTP/1.1" 304 - "http://localhost:30031/config.html" "Mozilla/5.0 (Macintosh; Intel Mac OS X 10_11_5) AppleWebKit/537.36 (KHTML, like Gecko) Chrome/52.0.2743.116 Safari/537.36"
[2016-09-20 16:38:29.443] [INFO] access - ::1 - - "GET /index.html HTTP/1.1" 304 - "" "Mozilla/5.0 (Macintosh; Intel Mac OS X 10_11_5) AppleWebKit/537.36 (KHTML, like Gecko) Chrome/52.0.2743.116 Safari/537.36"
[2016-09-20 16:46:38.007] [INFO] access - ::1 - - "GET /index.html HTTP/1.1" 200 3717 "" "Mozilla/5.0 (Macintosh; Intel Mac OS X 10_11_5) AppleWebKit/537.36 (KHTML, like Gecko) Chrome/52.0.2743.116 Safari/537.36"
[2016-09-20 16:46:39.992] [INFO] access - ::1 - - "GET /index.html HTTP/1.1" 304 - "" "Mozilla/5.0 (Macintosh; Intel Mac OS X 10_11_5) AppleWebKit/537.36 (KHTML, like Gecko) Chrome/52.0.2743.116 Safari/537.36"
[2016-09-20 16:46:43.405] [INFO] access - ::1 - - "GET /index.html HTTP/1.1" 304 - "" "Mozilla/5.0 (Macintosh; Intel Mac OS X 10_11_5) AppleWebKit/537.36 (KHTML, like Gecko) Chrome/52.0.2743.116 Safari/537.36"
[2016-09-20 16:47:18.887] [INFO] access - ::1 - - "GET /index.html HTTP/1.1" 304 - "" "Mozilla/5.0 (Macintosh; Intel Mac OS X 10_11_5) AppleWebKit/537.36 (KHTML, like Gecko) Chrome/52.0.2743.116 Safari/537.36"
[2016-09-20 16:47:20.819] [INFO] access - ::1 - - "POST /login HTTP/1.1" 200 23 "http://localhost:30031/index.html" "Mozilla/5.0 (Macintosh; Intel Mac OS X 10_11_5) AppleWebKit/537.36 (KHTML, like Gecko) Chrome/52.0.2743.116 Safari/537.36"
[2016-09-20 16:47:20.841] [INFO] access - ::1 - - "GET /warn.html HTTP/1.1" 304 - "http://localhost:30031/index.html" "Mozilla/5.0 (Macintosh; Intel Mac OS X 10_11_5) AppleWebKit/537.36 (KHTML, like Gecko) Chrome/52.0.2743.116 Safari/537.36"
[2016-09-20 16:49:40.297] [INFO] access - ::1 - - "GET /index.html HTTP/1.1" 200 3723 "" "Mozilla/5.0 (Macintosh; Intel Mac OS X 10_11_5) AppleWebKit/537.36 (KHTML, like Gecko) Chrome/52.0.2743.116 Safari/537.36"
