[2016-09-11 17:07:50.645] [INFO] access - ::1 - - "GET /safe.html HTTP/1.1" 304 - "" "Mozilla/5.0 (Macintosh; Intel Mac OS X 10_11_5) AppleWebKit/537.36 (KHTML, like Gecko) Chrome/52.0.2743.116 Safari/537.36"
[2016-09-11 17:07:51.157] [INFO] access - ::1 - - "GET /favicon.ico HTTP/1.1" 404 1192 "http://localhost:30031/safe.html" "Mozilla/5.0 (Macintosh; Intel Mac OS X 10_11_5) AppleWebKit/537.36 (KHTML, like Gecko) Chrome/52.0.2743.116 Safari/537.36"
[2016-09-11 17:25:37.242] [INFO] access - ::1 - - "GET /index.html HTTP/1.1" 304 - "" "Mozilla/5.0 (Macintosh; Intel Mac OS X 10_11_5) AppleWebKit/537.36 (KHTML, like Gecko) Chrome/52.0.2743.116 Safari/537.36"
[2016-09-11 17:26:06.323] [INFO] access - ::1 - - "POST /login HTTP/1.1" 200 23 "http://localhost:30031/index.html" "Mozilla/5.0 (Macintosh; Intel Mac OS X 10_11_5) AppleWebKit/537.36 (KHTML, like Gecko) Chrome/52.0.2743.116 Safari/537.36"
[2016-09-11 17:26:06.356] [INFO] access - ::1 - - "GET /warn.html HTTP/1.1" 304 - "http://localhost:30031/index.html" "Mozilla/5.0 (Macintosh; Intel Mac OS X 10_11_5) AppleWebKit/537.36 (KHTML, like Gecko) Chrome/52.0.2743.116 Safari/537.36"
[2016-09-11 17:26:27.345] [INFO] access - ::1 - - "GET /monitor.html HTTP/1.1" 304 - "http://localhost:30031/warn.html" "Mozilla/5.0 (Macintosh; Intel Mac OS X 10_11_5) AppleWebKit/537.36 (KHTML, like Gecko) Chrome/52.0.2743.116 Safari/537.36"
[2016-09-11 17:26:28.548] [INFO] access - ::1 - - "GET /report.html HTTP/1.1" 304 - "http://localhost:30031/monitor.html" "Mozilla/5.0 (Macintosh; Intel Mac OS X 10_11_5) AppleWebKit/537.36 (KHTML, like Gecko) Chrome/52.0.2743.116 Safari/537.36"
[2016-09-11 17:27:39.345] [INFO] access - ::1 - - "GET /report.html HTTP/1.1" 304 - "http://localhost:30031/monitor.html" "Mozilla/5.0 (Macintosh; Intel Mac OS X 10_11_5) AppleWebKit/537.36 (KHTML, like Gecko) Chrome/52.0.2743.116 Safari/537.36"
[2016-09-11 17:56:51.546] [INFO] access - ::1 - - "GET /report.html HTTP/1.1" 302 66 "http://localhost:30031/monitor.html" "Mozilla/5.0 (Macintosh; Intel Mac OS X 10_11_5) AppleWebKit/537.36 (KHTML, like Gecko) Chrome/52.0.2743.116 Safari/537.36"
[2016-09-11 17:56:51.556] [INFO] access - ::1 - - "GET /index.html HTTP/1.1" 304 - "http://localhost:30031/monitor.html" "Mozilla/5.0 (Macintosh; Intel Mac OS X 10_11_5) AppleWebKit/537.36 (KHTML, like Gecko) Chrome/52.0.2743.116 Safari/537.36"
[2016-09-11 17:56:53.440] [INFO] access - ::1 - - "POST /login HTTP/1.1" 200 23 "http://localhost:30031/index.html" "Mozilla/5.0 (Macintosh; Intel Mac OS X 10_11_5) AppleWebKit/537.36 (KHTML, like Gecko) Chrome/52.0.2743.116 Safari/537.36"
[2016-09-11 17:56:53.461] [INFO] access - ::1 - - "GET /warn.html HTTP/1.1" 304 - "http://localhost:30031/index.html" "Mozilla/5.0 (Macintosh; Intel Mac OS X 10_11_5) AppleWebKit/537.36 (KHTML, like Gecko) Chrome/52.0.2743.116 Safari/537.36"
[2016-09-11 17:57:02.162] [INFO] access - ::1 - - "GET /brief.html HTTP/1.1" 304 - "http://localhost:30031/warn.html" "Mozilla/5.0 (Macintosh; Intel Mac OS X 10_11_5) AppleWebKit/537.36 (KHTML, like Gecko) Chrome/52.0.2743.116 Safari/537.36"
[2016-09-11 17:57:02.269] [INFO] access - ::1 - - "GET /font-face/helveticaneueltpro-th-webfont.woff HTTP/1.1" 404 1192 "http://localhost:30031/style/base.css" "Mozilla/5.0 (Macintosh; Intel Mac OS X 10_11_5) AppleWebKit/537.36 (KHTML, like Gecko) Chrome/52.0.2743.116 Safari/537.36"
[2016-09-11 17:57:02.457] [INFO] access - ::1 - - "GET /font-face/helveticaneueltpro-th-webfont.ttf HTTP/1.1" 404 1192 "http://localhost:30031/style/base.css" "Mozilla/5.0 (Macintosh; Intel Mac OS X 10_11_5) AppleWebKit/537.36 (KHTML, like Gecko) Chrome/52.0.2743.116 Safari/537.36"
[2016-09-11 17:57:02.534] [INFO] access - ::1 - - "GET /script/jquery-1.10.2.min.js?bust=1473587822364 HTTP/1.1" 404 1192 "http://localhost:30031/brief.html" "Mozilla/5.0 (Macintosh; Intel Mac OS X 10_11_5) AppleWebKit/537.36 (KHTML, like Gecko) Chrome/52.0.2743.116 Safari/537.36"
[2016-09-11 21:59:19.047] [INFO] access - ::1 - - "GET /brief.html HTTP/1.1" 302 66 "http://localhost:30031/warn.html" "Mozilla/5.0 (Macintosh; Intel Mac OS X 10_11_5) AppleWebKit/537.36 (KHTML, like Gecko) Chrome/52.0.2743.116 Safari/537.36"
[2016-09-11 21:59:19.056] [INFO] access - ::1 - - "GET /index.html HTTP/1.1" 304 - "http://localhost:30031/warn.html" "Mozilla/5.0 (Macintosh; Intel Mac OS X 10_11_5) AppleWebKit/537.36 (KHTML, like Gecko) Chrome/52.0.2743.116 Safari/537.36"
[2016-09-11 21:59:20.140] [INFO] access - ::1 - - "POST /login HTTP/1.1" 200 23 "http://localhost:30031/index.html" "Mozilla/5.0 (Macintosh; Intel Mac OS X 10_11_5) AppleWebKit/537.36 (KHTML, like Gecko) Chrome/52.0.2743.116 Safari/537.36"
[2016-09-11 21:59:20.165] [INFO] access - ::1 - - "GET /warn.html HTTP/1.1" 304 - "http://localhost:30031/index.html" "Mozilla/5.0 (Macintosh; Intel Mac OS X 10_11_5) AppleWebKit/537.36 (KHTML, like Gecko) Chrome/52.0.2743.116 Safari/537.36"
[2016-09-11 22:00:00.117] [INFO] access - ::1 - - "GET /report.html HTTP/1.1" 200 2753 "http://localhost:30031/warn.html" "Mozilla/5.0 (Macintosh; Intel Mac OS X 10_11_5) AppleWebKit/537.36 (KHTML, like Gecko) Chrome/52.0.2743.116 Safari/537.36"
[2016-09-11 22:14:34.883] [INFO] access - ::1 - - "GET /safe.html HTTP/1.1" 304 - "" "Mozilla/5.0 (Macintosh; Intel Mac OS X 10_11_5) AppleWebKit/537.36 (KHTML, like Gecko) Chrome/52.0.2743.116 Safari/537.36"
[2016-09-11 22:14:36.471] [INFO] access - ::1 - - "GET /report.html HTTP/1.1" 302 66 "http://localhost:30031/warn.html" "Mozilla/5.0 (Macintosh; Intel Mac OS X 10_11_5) AppleWebKit/537.36 (KHTML, like Gecko) Chrome/52.0.2743.116 Safari/537.36"
[2016-09-11 22:14:36.479] [INFO] access - ::1 - - "GET /index.html HTTP/1.1" 304 - "http://localhost:30031/warn.html" "Mozilla/5.0 (Macintosh; Intel Mac OS X 10_11_5) AppleWebKit/537.36 (KHTML, like Gecko) Chrome/52.0.2743.116 Safari/537.36"
[2016-09-11 22:14:37.546] [INFO] access - ::1 - - "POST /login HTTP/1.1" 200 23 "http://localhost:30031/index.html" "Mozilla/5.0 (Macintosh; Intel Mac OS X 10_11_5) AppleWebKit/537.36 (KHTML, like Gecko) Chrome/52.0.2743.116 Safari/537.36"
[2016-09-11 22:14:37.563] [INFO] access - ::1 - - "GET /warn.html HTTP/1.1" 304 - "http://localhost:30031/index.html" "Mozilla/5.0 (Macintosh; Intel Mac OS X 10_11_5) AppleWebKit/537.36 (KHTML, like Gecko) Chrome/52.0.2743.116 Safari/537.36"
[2016-09-11 22:15:04.641] [INFO] access - ::1 - - "GET /report.html HTTP/1.1" 200 2753 "http://localhost:30031/warn.html" "Mozilla/5.0 (Macintosh; Intel Mac OS X 10_11_5) AppleWebKit/537.36 (KHTML, like Gecko) Chrome/52.0.2743.116 Safari/537.36"
[2016-09-11 22:17:44.380] [INFO] access - ::1 - - "GET /report.html HTTP/1.1" 304 - "http://localhost:30031/warn.html" "Mozilla/5.0 (Macintosh; Intel Mac OS X 10_11_5) AppleWebKit/537.36 (KHTML, like Gecko) Chrome/52.0.2743.116 Safari/537.36"
[2016-09-11 22:17:55.418] [INFO] access - ::1 - - "GET /report.html HTTP/1.1" 302 66 "http://localhost:30031/warn.html" "Mozilla/5.0 (Macintosh; Intel Mac OS X 10_11_5) AppleWebKit/537.36 (KHTML, like Gecko) Chrome/52.0.2743.116 Safari/537.36"
[2016-09-11 22:17:55.434] [INFO] access - ::1 - - "GET /index.html HTTP/1.1" 304 - "http://localhost:30031/warn.html" "Mozilla/5.0 (Macintosh; Intel Mac OS X 10_11_5) AppleWebKit/537.36 (KHTML, like Gecko) Chrome/52.0.2743.116 Safari/537.36"
[2016-09-11 22:17:56.494] [INFO] access - ::1 - - "POST /login HTTP/1.1" 200 23 "http://localhost:30031/index.html" "Mozilla/5.0 (Macintosh; Intel Mac OS X 10_11_5) AppleWebKit/537.36 (KHTML, like Gecko) Chrome/52.0.2743.116 Safari/537.36"
[2016-09-11 22:17:56.510] [INFO] access - ::1 - - "GET /warn.html HTTP/1.1" 304 - "http://localhost:30031/index.html" "Mozilla/5.0 (Macintosh; Intel Mac OS X 10_11_5) AppleWebKit/537.36 (KHTML, like Gecko) Chrome/52.0.2743.116 Safari/537.36"
[2016-09-11 22:17:57.602] [INFO] access - ::1 - - "GET /report.html HTTP/1.1" 200 2836 "http://localhost:30031/warn.html" "Mozilla/5.0 (Macintosh; Intel Mac OS X 10_11_5) AppleWebKit/537.36 (KHTML, like Gecko) Chrome/52.0.2743.116 Safari/537.36"
[2016-09-11 22:21:57.466] [INFO] access - ::1 - - "GET /report.html HTTP/1.1" 302 66 "http://localhost:30031/warn.html" "Mozilla/5.0 (Macintosh; Intel Mac OS X 10_11_5) AppleWebKit/537.36 (KHTML, like Gecko) Chrome/52.0.2743.116 Safari/537.36"
[2016-09-11 22:21:57.474] [INFO] access - ::1 - - "GET /index.html HTTP/1.1" 304 - "http://localhost:30031/warn.html" "Mozilla/5.0 (Macintosh; Intel Mac OS X 10_11_5) AppleWebKit/537.36 (KHTML, like Gecko) Chrome/52.0.2743.116 Safari/537.36"
[2016-09-11 22:21:58.785] [INFO] access - ::1 - - "POST /login HTTP/1.1" 200 23 "http://localhost:30031/index.html" "Mozilla/5.0 (Macintosh; Intel Mac OS X 10_11_5) AppleWebKit/537.36 (KHTML, like Gecko) Chrome/52.0.2743.116 Safari/537.36"
[2016-09-11 22:21:58.799] [INFO] access - ::1 - - "GET /warn.html HTTP/1.1" 304 - "http://localhost:30031/index.html" "Mozilla/5.0 (Macintosh; Intel Mac OS X 10_11_5) AppleWebKit/537.36 (KHTML, like Gecko) Chrome/52.0.2743.116 Safari/537.36"
[2016-09-11 22:21:59.656] [INFO] access - ::1 - - "GET /config.html HTTP/1.1" 304 - "http://localhost:30031/warn.html" "Mozilla/5.0 (Macintosh; Intel Mac OS X 10_11_5) AppleWebKit/537.36 (KHTML, like Gecko) Chrome/52.0.2743.116 Safari/537.36"
[2016-09-11 22:22:00.160] [INFO] access - ::1 - - "GET /report.html HTTP/1.1" 200 2836 "http://localhost:30031/config.html" "Mozilla/5.0 (Macintosh; Intel Mac OS X 10_11_5) AppleWebKit/537.36 (KHTML, like Gecko) Chrome/52.0.2743.116 Safari/537.36"
[2016-09-11 22:22:16.010] [INFO] access - ::1 - - "GET /report.html HTTP/1.1" 302 66 "http://localhost:30031/config.html" "Mozilla/5.0 (Macintosh; Intel Mac OS X 10_11_5) AppleWebKit/537.36 (KHTML, like Gecko) Chrome/52.0.2743.116 Safari/537.36"
[2016-09-11 22:22:16.023] [INFO] access - ::1 - - "GET /index.html HTTP/1.1" 304 - "http://localhost:30031/config.html" "Mozilla/5.0 (Macintosh; Intel Mac OS X 10_11_5) AppleWebKit/537.36 (KHTML, like Gecko) Chrome/52.0.2743.116 Safari/537.36"
[2016-09-11 22:22:17.186] [INFO] access - ::1 - - "POST /login HTTP/1.1" 200 23 "http://localhost:30031/index.html" "Mozilla/5.0 (Macintosh; Intel Mac OS X 10_11_5) AppleWebKit/537.36 (KHTML, like Gecko) Chrome/52.0.2743.116 Safari/537.36"
[2016-09-11 22:22:17.202] [INFO] access - ::1 - - "GET /warn.html HTTP/1.1" 304 - "http://localhost:30031/index.html" "Mozilla/5.0 (Macintosh; Intel Mac OS X 10_11_5) AppleWebKit/537.36 (KHTML, like Gecko) Chrome/52.0.2743.116 Safari/537.36"
[2016-09-11 22:22:18.141] [INFO] access - ::1 - - "GET /report.html HTTP/1.1" 200 2836 "http://localhost:30031/warn.html" "Mozilla/5.0 (Macintosh; Intel Mac OS X 10_11_5) AppleWebKit/537.36 (KHTML, like Gecko) Chrome/52.0.2743.116 Safari/537.36"
[2016-09-11 22:32:08.420] [INFO] access - ::1 - - "GET /report.html HTTP/1.1" 302 66 "http://localhost:30031/warn.html" "Mozilla/5.0 (Macintosh; Intel Mac OS X 10_11_5) AppleWebKit/537.36 (KHTML, like Gecko) Chrome/52.0.2743.116 Safari/537.36"
[2016-09-11 22:32:08.431] [INFO] access - ::1 - - "GET /index.html HTTP/1.1" 304 - "http://localhost:30031/warn.html" "Mozilla/5.0 (Macintosh; Intel Mac OS X 10_11_5) AppleWebKit/537.36 (KHTML, like Gecko) Chrome/52.0.2743.116 Safari/537.36"
[2016-09-11 22:32:10.007] [INFO] access - ::1 - - "POST /login HTTP/1.1" 200 23 "http://localhost:30031/index.html" "Mozilla/5.0 (Macintosh; Intel Mac OS X 10_11_5) AppleWebKit/537.36 (KHTML, like Gecko) Chrome/52.0.2743.116 Safari/537.36"
[2016-09-11 22:32:10.027] [INFO] access - ::1 - - "GET /warn.html HTTP/1.1" 304 - "http://localhost:30031/index.html" "Mozilla/5.0 (Macintosh; Intel Mac OS X 10_11_5) AppleWebKit/537.36 (KHTML, like Gecko) Chrome/52.0.2743.116 Safari/537.36"
[2016-09-11 22:32:11.026] [INFO] access - ::1 - - "GET /report.html HTTP/1.1" 200 2836 "http://localhost:30031/warn.html" "Mozilla/5.0 (Macintosh; Intel Mac OS X 10_11_5) AppleWebKit/537.36 (KHTML, like Gecko) Chrome/52.0.2743.116 Safari/537.36"
[2016-09-11 22:56:47.907] [INFO] access - ::1 - - "GET /report.html HTTP/1.1" 302 66 "http://localhost:30031/warn.html" "Mozilla/5.0 (Macintosh; Intel Mac OS X 10_11_5) AppleWebKit/537.36 (KHTML, like Gecko) Chrome/52.0.2743.116 Safari/537.36"
[2016-09-11 22:56:47.918] [INFO] access - ::1 - - "GET /index.html HTTP/1.1" 304 - "http://localhost:30031/warn.html" "Mozilla/5.0 (Macintosh; Intel Mac OS X 10_11_5) AppleWebKit/537.36 (KHTML, like Gecko) Chrome/52.0.2743.116 Safari/537.36"
[2016-09-11 22:56:49.330] [INFO] access - ::1 - - "POST /login HTTP/1.1" 200 23 "http://localhost:30031/index.html" "Mozilla/5.0 (Macintosh; Intel Mac OS X 10_11_5) AppleWebKit/537.36 (KHTML, like Gecko) Chrome/52.0.2743.116 Safari/537.36"
[2016-09-11 22:56:49.350] [INFO] access - ::1 - - "GET /warn.html HTTP/1.1" 304 - "http://localhost:30031/index.html" "Mozilla/5.0 (Macintosh; Intel Mac OS X 10_11_5) AppleWebKit/537.36 (KHTML, like Gecko) Chrome/52.0.2743.116 Safari/537.36"
[2016-09-11 22:56:50.277] [INFO] access - ::1 - - "GET /report.html HTTP/1.1" 200 2836 "http://localhost:30031/warn.html" "Mozilla/5.0 (Macintosh; Intel Mac OS X 10_11_5) AppleWebKit/537.36 (KHTML, like Gecko) Chrome/52.0.2743.116 Safari/537.36"
[2016-09-11 22:58:38.505] [INFO] access - ::1 - - "GET /safe.html HTTP/1.1" 304 - "" "Mozilla/5.0 (Macintosh; Intel Mac OS X 10_11_5) AppleWebKit/537.36 (KHTML, like Gecko) Chrome/52.0.2743.116 Safari/537.36"
[2016-09-11 22:58:38.965] [INFO] access - ::1 - - "GET /favicon.ico HTTP/1.1" 404 1192 "http://localhost:30031/safe.html" "Mozilla/5.0 (Macintosh; Intel Mac OS X 10_11_5) AppleWebKit/537.36 (KHTML, like Gecko) Chrome/52.0.2743.116 Safari/537.36"
[2016-09-11 22:58:42.120] [INFO] access - ::1 - - "GET /index.html HTTP/1.1" 304 - "" "Mozilla/5.0 (Macintosh; Intel Mac OS X 10_11_5) AppleWebKit/537.36 (KHTML, like Gecko) Chrome/52.0.2743.116 Safari/537.36"
[2016-09-11 22:58:43.374] [INFO] access - ::1 - - "POST /login HTTP/1.1" 200 23 "http://localhost:30031/index.html" "Mozilla/5.0 (Macintosh; Intel Mac OS X 10_11_5) AppleWebKit/537.36 (KHTML, like Gecko) Chrome/52.0.2743.116 Safari/537.36"
[2016-09-11 22:58:43.386] [INFO] access - ::1 - - "GET /warn.html HTTP/1.1" 304 - "http://localhost:30031/index.html" "Mozilla/5.0 (Macintosh; Intel Mac OS X 10_11_5) AppleWebKit/537.36 (KHTML, like Gecko) Chrome/52.0.2743.116 Safari/537.36"
[2016-09-11 22:58:44.540] [INFO] access - ::1 - - "GET /config.html HTTP/1.1" 304 - "http://localhost:30031/warn.html" "Mozilla/5.0 (Macintosh; Intel Mac OS X 10_11_5) AppleWebKit/537.36 (KHTML, like Gecko) Chrome/52.0.2743.116 Safari/537.36"
[2016-09-11 22:58:45.176] [INFO] access - ::1 - - "GET /report.html HTTP/1.1" 304 - "http://localhost:30031/config.html" "Mozilla/5.0 (Macintosh; Intel Mac OS X 10_11_5) AppleWebKit/537.36 (KHTML, like Gecko) Chrome/52.0.2743.116 Safari/537.36"
[2016-09-11 22:59:14.706] [INFO] access - ::1 - - "GET /index.html HTTP/1.1" 304 - "" "Mozilla/5.0 (Macintosh; Intel Mac OS X 10_11_5) AppleWebKit/537.36 (KHTML, like Gecko) Chrome/52.0.2743.116 Safari/537.36"
[2016-09-11 22:59:16.356] [INFO] access - ::1 - - "POST /login HTTP/1.1" 200 23 "http://localhost:30031/index.html" "Mozilla/5.0 (Macintosh; Intel Mac OS X 10_11_5) AppleWebKit/537.36 (KHTML, like Gecko) Chrome/52.0.2743.116 Safari/537.36"
[2016-09-11 22:59:16.372] [INFO] access - ::1 - - "GET /warn.html HTTP/1.1" 304 - "http://localhost:30031/index.html" "Mozilla/5.0 (Macintosh; Intel Mac OS X 10_11_5) AppleWebKit/537.36 (KHTML, like Gecko) Chrome/52.0.2743.116 Safari/537.36"
[2016-09-11 22:59:17.541] [INFO] access - ::1 - - "GET /report.html HTTP/1.1" 304 - "http://localhost:30031/warn.html" "Mozilla/5.0 (Macintosh; Intel Mac OS X 10_11_5) AppleWebKit/537.36 (KHTML, like Gecko) Chrome/52.0.2743.116 Safari/537.36"
[2016-09-11 22:59:56.750] [INFO] access - ::1 - - "GET /report.html HTTP/1.1" 302 66 "http://localhost:30031/warn.html" "Mozilla/5.0 (Macintosh; Intel Mac OS X 10_11_5) AppleWebKit/537.36 (KHTML, like Gecko) Chrome/52.0.2743.116 Safari/537.36"
[2016-09-11 22:59:56.761] [INFO] access - ::1 - - "GET /index.html HTTP/1.1" 304 - "http://localhost:30031/warn.html" "Mozilla/5.0 (Macintosh; Intel Mac OS X 10_11_5) AppleWebKit/537.36 (KHTML, like Gecko) Chrome/52.0.2743.116 Safari/537.36"
[2016-09-11 22:59:57.953] [INFO] access - ::1 - - "POST /login HTTP/1.1" 200 23 "http://localhost:30031/index.html" "Mozilla/5.0 (Macintosh; Intel Mac OS X 10_11_5) AppleWebKit/537.36 (KHTML, like Gecko) Chrome/52.0.2743.116 Safari/537.36"
[2016-09-11 22:59:57.966] [INFO] access - ::1 - - "GET /warn.html HTTP/1.1" 304 - "http://localhost:30031/index.html" "Mozilla/5.0 (Macintosh; Intel Mac OS X 10_11_5) AppleWebKit/537.36 (KHTML, like Gecko) Chrome/52.0.2743.116 Safari/537.36"
[2016-09-11 22:59:58.821] [INFO] access - ::1 - - "GET /config.html HTTP/1.1" 304 - "http://localhost:30031/warn.html" "Mozilla/5.0 (Macintosh; Intel Mac OS X 10_11_5) AppleWebKit/537.36 (KHTML, like Gecko) Chrome/52.0.2743.116 Safari/537.36"
[2016-09-11 22:59:59.377] [INFO] access - ::1 - - "GET /report.html HTTP/1.1" 200 2836 "http://localhost:30031/config.html" "Mozilla/5.0 (Macintosh; Intel Mac OS X 10_11_5) AppleWebKit/537.36 (KHTML, like Gecko) Chrome/52.0.2743.116 Safari/537.36"
